#
# There is insufficient memory for the Java Runtime Environment to continue.
# Native memory allocation (mmap) failed to map 171966464 bytes for Failed to commit area from 0x0000000095f00000 to 0x00000000a0300000 of length 171966464.
# Possible reasons:
#   The system is out of physical RAM or swap space
#   The process is running with CompressedOops enabled, and the Java Heap may be blocking the growth of the native heap
# Possible solutions:
#   Reduce memory load on the system
#   Increase physical memory or swap space
#   Check if swap backing store is full
#   Decrease Java heap size (-Xmx/-Xms)
#   Decrease number of Java threads
#   Decrease Java thread stack sizes (-Xss)
#   Set larger code cache with -XX:ReservedCodeCacheSize=
#   JVM is running with Unscaled Compressed Oops mode in which the Java heap is
#     placed in the first 4GB address space. The Java Heap base address is the
#     maximum limit for the native heap growth. Please use -XX:HeapBaseMinAddress
#     to set the Java Heap base and to place the Java Heap above 4GB virtual address.
# This output file may be truncated or incomplete.
#
#  Out of Memory Error (./src/hotspot/os/windows/os_windows.cpp:3301), pid=1468, tid=10024
#
# JRE version: OpenJDK Runtime Environment (11.0.10) (build 11.0.10+0-b96-7249189)
# Java VM: OpenJDK 64-Bit Server VM (11.0.10+0-b96-7249189, mixed mode, tiered, compressed oops, g1 gc, windows-amd64)
# No core dump will be written. Minidumps are not enabled by default on client versions of Windows
#

---------------  S U M M A R Y ------------

Command Line: --add-opens=java.base/java.util=ALL-UNNAMED --add-opens=java.base/java.lang=ALL-UNNAMED --add-opens=java.base/java.lang.invoke=ALL-UNNAMED --add-opens=java.base/java.util=ALL-UNNAMED --add-opens=java.prefs/java.util.prefs=ALL-UNNAMED --add-opens=java.prefs/java.util.prefs=ALL-UNNAMED --add-opens=java.base/java.nio.charset=ALL-UNNAMED --add-opens=java.base/java.net=ALL-UNNAMED --add-opens=java.base/java.util.concurrent.atomic=ALL-UNNAMED -Xmx2048m -Dfile.encoding=UTF-8 -Duser.country=RU -Duser.language=ru -Duser.variant org.gradle.launcher.daemon.bootstrap.GradleDaemon 7.0.2

Host: AMD A10-5745M APU with Radeon(tm) HD Graphics  , 4 cores, 7G,  Windows 8.1 , 64 bit Build 9600 (6.3.9600.19358)
Time: Tue Nov 30 16:48:15 2021 RTZ 6 (ceia) elapsed time: 229.669671 seconds (0d 0h 3m 49s)

---------------  T H R E A D  ---------------

Current thread (0x00000093342c6000):  VMThread "VM Thread" [stack: 0x0000009334cf0000,0x0000009334df0000] [id=10024]

Stack: [0x0000009334cf0000,0x0000009334df0000]
[error occurred during error reporting (printing stack bounds), id 0xc0000005, EXCEPTION_ACCESS_VIOLATION (0xc0000005) at pc=0x000000931dea0f2d]

Native frames: (J=compiled Java code, j=interpreted, Vv=VM code, C=native code)
V  [jvm.dll+0x5ecfaa]
V  [jvm.dll+0x722bd5]
V  [jvm.dll+0x72412d]
V  [jvm.dll+0x724745]
V  [jvm.dll+0x7246fb]
V  [jvm.dll+0x5ec348]
V  [jvm.dll+0x5ecad8]
C  [ntdll.dll+0x9349d]
C  [ntdll.dll+0x548d7]
C  [ntdll.dll+0x9262a]
C  0x000000931dea0f2d

VM_Operation (0x0000009344a1e310): G1CollectForAllocation, mode: safepoint, requested by thread 0x00000093399ff800


---------------  P R O C E S S  ---------------

Threads class SMR info:
_java_thread_list=0x000000934092db10, length=61, elements={
0x000000931a3e4000, 0x0000009334df2800, 0x0000009334dfc000, 0x0000009334e4b000,
0x0000009334e4c000, 0x0000009334e4e800, 0x0000009334e50800, 0x00000093342ed800,
0x0000009334ea8000, 0x0000009334fa8800, 0x000000933832a800, 0x0000009336fed000,
0x000000933833d800, 0x0000009338540800, 0x00000093383d0000, 0x0000009338e80000,
0x00000093381e7800, 0x00000093381e8800, 0x000000933987a800, 0x000000933987d000,
0x000000933987b800, 0x000000933987e000, 0x000000933987c000, 0x000000933987f800,
0x0000009339881000, 0x0000009339880800, 0x000000933987e800, 0x0000009335df1000,
0x0000009335def800, 0x0000009335df0000, 0x0000009335df5000, 0x0000009335df6000,
0x0000009335df8800, 0x0000009335df9000, 0x0000009335df6800, 0x0000009335dfb800,
0x0000009335dfc800, 0x0000009335dfa000, 0x0000009335dfd800, 0x0000009335dfb000,
0x0000009335dfe000, 0x00000093399f4800, 0x00000093399f3800, 0x00000093399f2800,
0x00000093399f7800, 0x00000093399f7000, 0x00000093399f5000, 0x00000093399f8800,
0x00000093399f6000, 0x00000093399fb800, 0x00000093399fc800, 0x00000093399fa000,
0x0000009339a00800, 0x00000093399fd800, 0x00000093399fe000, 0x00000093399ff000,
0x00000093399ff800, 0x000000933ff48800, 0x000000933ff49800, 0x000000933ff48000,
0x0000009339505000
}

Java Threads: ( => current thread )
  0x000000931a3e4000 JavaThread "main" [_thread_blocked, id=6200, stack(0x0000009319a90000,0x0000009319b90000)]
  0x0000009334df2800 JavaThread "Reference Handler" daemon [_thread_blocked, id=7340, stack(0x00000093351f0000,0x00000093352f0000)]
  0x0000009334dfc000 JavaThread "Finalizer" daemon [_thread_blocked, id=3524, stack(0x00000093352f0000,0x00000093353f0000)]
  0x0000009334e4b000 JavaThread "Signal Dispatcher" daemon [_thread_blocked, id=5712, stack(0x00000093354d0000,0x00000093355d0000)]
  0x0000009334e4c000 JavaThread "Attach Listener" daemon [_thread_blocked, id=6672, stack(0x00000093355d0000,0x00000093356d0000)]
  0x0000009334e4e800 JavaThread "Service Thread" daemon [_thread_blocked, id=1728, stack(0x00000093356d0000,0x00000093357d0000)]
  0x0000009334e50800 JavaThread "C2 CompilerThread0" daemon [_thread_blocked, id=3104, stack(0x00000093357d0000,0x00000093358d0000)]
  0x00000093342ed800 JavaThread "C1 CompilerThread0" daemon [_thread_blocked, id=6376, stack(0x00000093358d0000,0x00000093359d0000)]
  0x0000009334ea8000 JavaThread "Sweeper thread" daemon [_thread_blocked, id=7496, stack(0x00000093359d0000,0x0000009335ad0000)]
  0x0000009334fa8800 JavaThread "Common-Cleaner" daemon [_thread_blocked, id=9484, stack(0x0000009335ad0000,0x0000009335bd0000)]
  0x000000933832a800 JavaThread "Daemon health stats" [_thread_blocked, id=6060, stack(0x000000933a120000,0x000000933a220000)]
  0x0000009336fed000 JavaThread "Incoming local TCP Connector on port 63421" [_thread_in_native, id=8716, stack(0x00000093364d0000,0x00000093365d0000)]
  0x000000933833d800 JavaThread "Daemon periodic checks" [_thread_blocked, id=10088, stack(0x0000009339df0000,0x0000009339ef0000)]
  0x0000009338540800 JavaThread "Daemon" [_thread_blocked, id=3816, stack(0x000000933a500000,0x000000933a600000)]
  0x00000093383d0000 JavaThread "Handler for socket connection from /127.0.0.1:63421 to /127.0.0.1:63422" [_thread_in_native, id=8844, stack(0x000000933a600000,0x000000933a700000)]
  0x0000009338e80000 JavaThread "Cancel handler" [_thread_blocked, id=7572, stack(0x000000933a700000,0x000000933a800000)]
  0x00000093381e7800 JavaThread "Daemon worker" [_thread_blocked, id=7660, stack(0x000000933a800000,0x000000933a900000)]
  0x00000093381e8800 JavaThread "Asynchronous log dispatcher for DefaultDaemonConnection: socket connection from /127.0.0.1:63421 to /127.0.0.1:63422" [_thread_blocked, id=5672, stack(0x000000933a900000,0x000000933aa00000)]
  0x000000933987a800 JavaThread "Daemon client event forwarder" [_thread_blocked, id=6660, stack(0x000000933ab00000,0x000000933ac00000)]
  0x000000933987d000 JavaThread "Cache worker for file hash cache (C:\Users\Анна\.gradle\caches\7.0.2\fileHashes)" [_thread_blocked, id=5312, stack(0x000000933b100000,0x000000933b200000)]
  0x000000933987b800 JavaThread "File lock request listener" [_thread_in_native, id=7992, stack(0x000000933b200000,0x000000933b300000)]
  0x000000933987e000 JavaThread "Cache worker for journal cache (C:\Users\Анна\.gradle\caches\journal-1)" [_thread_blocked, id=6476, stack(0x000000933b500000,0x000000933b600000)]
  0x000000933987c000 JavaThread "Cache worker for file hash cache (C:\Android_Project_Second\.gradle\7.0.2\fileHashes)" [_thread_blocked, id=10164, stack(0x000000933b800000,0x000000933b900000)]
  0x000000933987f800 JavaThread "File watcher server" daemon [_thread_blocked, id=4876, stack(0x000000933b900000,0x000000933ba00000)]
  0x0000009339881000 JavaThread "File watcher consumer" daemon [_thread_blocked, id=6796, stack(0x000000933ba00000,0x000000933bb00000)]
  0x0000009339880800 JavaThread "Cache worker for checksums cache (C:\Android_Project_Second\.gradle\checksums)" [_thread_blocked, id=9880, stack(0x000000933bd00000,0x000000933be00000)]
  0x000000933987e800 JavaThread "Cache worker for cache directory md-supplier (C:\Users\Анна\.gradle\caches\7.0.2\md-supplier)" [_thread_blocked, id=4532, stack(0x000000933be00000,0x000000933bf00000)]
  0x0000009335df1000 JavaThread "Cache worker for cache directory md-rule (C:\Users\Анна\.gradle\caches\7.0.2\md-rule)" [_thread_blocked, id=7808, stack(0x000000933c100000,0x000000933c200000)]
  0x0000009335def800 JavaThread "Cache worker for execution history cache (C:\Users\Анна\.gradle\caches\7.0.2\executionHistory)" [_thread_blocked, id=1392, stack(0x000000933c300000,0x000000933c400000)]
  0x0000009335df0000 JavaThread "jar transforms" [_thread_blocked, id=7736, stack(0x000000933c200000,0x000000933c300000)]
  0x0000009335df5000 JavaThread "jar transforms Thread 2" [_thread_blocked, id=8968, stack(0x000000933dbf0000,0x000000933dcf0000)]
  0x0000009335df6000 JavaThread "Cache worker for file content cache (C:\Users\Анна\.gradle\caches\7.0.2\fileContent)" [_thread_blocked, id=9720, stack(0x000000933ddf0000,0x000000933def0000)]
  0x0000009335df8800 JavaThread "Cache worker for dependencies-accessors (C:\Android_Project_Second\.gradle\7.0.2\dependencies-accessors)" [_thread_blocked, id=9508, stack(0x000000933dcf0000,0x000000933ddf0000)]
  0x0000009335df9000 JavaThread "jar transforms Thread 3" [_thread_blocked, id=5824, stack(0x000000933e0f0000,0x000000933e1f0000)]
  0x0000009335df6800 JavaThread "Cache worker for Build Output Cleanup Cache (C:\Android_Project_Second\.gradle\buildOutputCleanup)" [_thread_blocked, id=9832, stack(0x000000933e6f0000,0x000000933e7f0000)]
  0x0000009335dfb800 JavaThread "Build operations" [_thread_blocked, id=8004, stack(0x000000933e3f0000,0x000000933e4f0000)]
  0x0000009335dfc800 JavaThread "Build operations Thread 2" [_thread_blocked, id=9732, stack(0x000000933e9f0000,0x000000933eaf0000)]
  0x0000009335dfa000 JavaThread "Build operations Thread 3" [_thread_blocked, id=4024, stack(0x000000933eaf0000,0x000000933ebf0000)]
  0x0000009335dfd800 JavaThread "Build operations Thread 4" [_thread_blocked, id=5224, stack(0x000000933ebf0000,0x000000933ecf0000)]
  0x0000009335dfb000 JavaThread "jar transforms Thread 4" [_thread_blocked, id=8432, stack(0x000000933edf0000,0x000000933eef0000)]
  0x0000009335dfe000 JavaThread "Memory manager" [_thread_blocked, id=5724, stack(0x000000933ecf0000,0x000000933edf0000)]
  0x00000093399f4800 JavaThread "build event listener" [_thread_blocked, id=7268, stack(0x000000933f6f0000,0x000000933f7f0000)]
  0x00000093399f3800 JavaThread "build event listener" [_thread_blocked, id=7516, stack(0x0000009343130000,0x0000009343230000)]
  0x00000093399f2800 JavaThread "pool-3-thread-1" [_thread_blocked, id=5716, stack(0x000000933aa00000,0x000000933ab00000)]
  0x00000093399f7800 JavaThread "build event listener" [_thread_blocked, id=8928, stack(0x0000009342ee0000,0x0000009342fe0000)]
  0x00000093399f7000 JavaThread "Execution worker for ':'" [_thread_blocked, id=6480, stack(0x0000009342fe0000,0x00000093430e0000)]
  0x00000093399f5000 JavaThread "Execution worker for ':' Thread 2" [_thread_blocked, id=9564, stack(0x0000009343230000,0x0000009343330000)]
  0x00000093399f8800 JavaThread "Execution worker for ':' Thread 3" [_thread_blocked, id=10224, stack(0x0000009343330000,0x0000009343430000)]
  0x00000093399f6000 JavaThread "Cache worker for execution history cache (C:\Android_Project_Second\.gradle\7.0.2\executionHistory)" [_thread_blocked, id=9644, stack(0x00000093437b0000,0x00000093438b0000)]
  0x00000093399fb800 JavaThread "WorkerExecutor Queue" [_thread_blocked, id=9716, stack(0x0000009343630000,0x0000009343730000)]
  0x00000093399fc800 JavaThread "WorkerExecutor Queue Thread 2" [_thread_blocked, id=8788, stack(0x00000093438b0000,0x00000093439b0000)]
  0x00000093399fa000 JavaThread "WorkerExecutor Queue Thread 3" [_thread_blocked, id=4112, stack(0x0000009344070000,0x0000009344170000)]
  0x0000009339a00800 JavaThread "WorkerExecutor Queue Thread 5" [_thread_blocked, id=7460, stack(0x0000009344720000,0x0000009344820000)]
  0x00000093399fd800 JavaThread "ForkJoinPool-1-worker-3" daemon [_thread_blocked, id=5180, stack(0x0000009344470000,0x0000009344570000)]
  0x00000093399fe000 JavaThread "ForkJoinPool-1-worker-5" daemon [_thread_blocked, id=9036, stack(0x0000009344570000,0x0000009344670000)]
  0x00000093399ff000 JavaThread "ForkJoinPool-1-worker-1" daemon [_thread_blocked, id=9280, stack(0x0000009344820000,0x0000009344920000)]
  0x00000093399ff800 JavaThread "ForkJoinPool-1-worker-7" daemon [_thread_blocked, id=7912, stack(0x0000009344920000,0x0000009344a20000)]
  0x000000933ff48800 JavaThread "pool-4-thread-1" [_thread_blocked, id=7800, stack(0x0000009344c20000,0x0000009344d20000)]
  0x000000933ff49800 JavaThread "stderr" [_thread_in_native, id=6544, stack(0x00000093471a0000,0x00000093472a0000)]
  0x000000933ff48000 JavaThread "stdout" [_thread_in_native, id=9700, stack(0x00000093472a0000,0x00000093473a0000)]
  0x0000009339505000 JavaThread "C2 CompilerThread1" daemon [_thread_blocked, id=10080, stack(0x0000009344370000,0x0000009344470000)]

Other Threads:
=>0x00000093342c6000 VMThread "VM Thread" [stack: 0x0000009334cf0000,0x0000009334df0000] [id=10024]
  0x0000009334fbd000 WatcherThread [stack: 0x0000009335bd0000,0x0000009335cd0000] [id=8076]
  0x000000931a3fc800 GCTaskThread "GC Thread#0" [stack: 0x0000009319da0000,0x0000009319ea0000] [id=9184]
  0x0000009335e74800 GCTaskThread "GC Thread#1" [stack: 0x00000093365d0000,0x00000093366d0000] [id=3404]
  0x0000009338262800 GCTaskThread "GC Thread#2" [stack: 0x000000933ad00000,0x000000933ae00000] [id=7832]
  0x0000009338083000 GCTaskThread "GC Thread#3" [stack: 0x000000933ae00000,0x000000933af00000] [id=5680]
  0x000000931a42e000 ConcurrentGCThread "G1 Main Marker" [stack: 0x0000009331aa0000,0x0000009331ba0000] [id=10236]
  0x000000931a42f800 ConcurrentGCThread "G1 Conc#0" [stack: 0x0000009331ba0000,0x0000009331ca0000] [id=5840]
  0x0000009334112800 ConcurrentGCThread "G1 Refine#0" [stack: 0x00000093342f0000,0x00000093343f0000] [id=9672]
  0x000000931a48e000 ConcurrentGCThread "G1 Young RemSet Sampling" [stack: 0x00000093343f0000,0x00000093344f0000] [id=8868]

Threads with active compile tasks:
C2 CompilerThread0 229814 13244       4       com.android.tools.r8.graph.Z$$Lambda$1232/0x0000000100d8a840::accept (12 bytes)
C2 CompilerThread1 229814 13277       4       com.android.tools.r8.graph.u::a (15 bytes)

VM state:at safepoint (normal execution)

VM Mutex/Monitor currently owned by a thread:  ([mutex/lock_event])
[0x000000931a3e35a0] Threads_lock - owner thread: 0x00000093342c6000
[0x000000931a3e2040] Heap_lock - owner thread: 0x00000093399ff800

Heap address: 0x0000000080000000, size: 2048 MB, Compressed Oops mode: 32-bit
Narrow klass base: 0x0000000000000000, Narrow klass shift: 3
Compressed class space size: 1073741824 Address: 0x0000000100000000

Heap:
 garbage-first heap   total 527360K, used 181035K [0x0000000080000000, 0x0000000100000000)
  region size 1024K, 3 young (3072K), 3 survivors (3072K)
 Metaspace       used 100565K, capacity 103067K, committed 103208K, reserved 1138688K
  class space    used 13061K, capacity 13951K, committed 13976K, reserved 1048576K
Heap Regions: E=young(eden), S=young(survivor), O=old, HS=humongous(starts), HC=humongous(continues), CS=collection set, F=free, A=archive, TAMS=top-at-mark-start (previous, next)
|   0|0x0000000080000000, 0x0000000080100000, 0x0000000080100000|100%|HS|  |TAMS 0x0000000080100000, 0x0000000080000000| Complete 
|   1|0x0000000080100000, 0x0000000080200000, 0x0000000080200000|100%|HC|  |TAMS 0x0000000080200000, 0x0000000080100000| Complete 
|   2|0x0000000080200000, 0x0000000080300000, 0x0000000080300000|100%|HC|  |TAMS 0x0000000080300000, 0x0000000080200000| Complete 
|   3|0x0000000080300000, 0x0000000080400000, 0x0000000080400000|100%| O|  |TAMS 0x0000000080400000, 0x0000000080300000| Untracked 
|   4|0x0000000080400000, 0x0000000080500000, 0x0000000080500000|100%| O|  |TAMS 0x0000000080500000, 0x0000000080400000| Untracked 
|   5|0x0000000080500000, 0x0000000080600000, 0x0000000080600000|100%| O|  |TAMS 0x0000000080600000, 0x0000000080500000| Complete 
|   6|0x0000000080600000, 0x0000000080700000, 0x0000000080700000|100%| O|  |TAMS 0x0000000080700000, 0x0000000080600000| Untracked 
|   7|0x0000000080700000, 0x0000000080800000, 0x0000000080800000|100%| O|  |TAMS 0x0000000080800000, 0x0000000080700000| Untracked 
|   8|0x0000000080800000, 0x0000000080900000, 0x0000000080900000|100%| O|  |TAMS 0x0000000080900000, 0x0000000080800000| Untracked 
|   9|0x0000000080900000, 0x0000000080a00000, 0x0000000080a00000|100%| O|  |TAMS 0x0000000080a00000, 0x0000000080900000| Complete 
|  10|0x0000000080a00000, 0x0000000080b00000, 0x0000000080b00000|100%| O|  |TAMS 0x0000000080b00000, 0x0000000080a00000| Untracked 
|  11|0x0000000080b00000, 0x0000000080c00000, 0x0000000080c00000|100%| O|  |TAMS 0x0000000080c00000, 0x0000000080b00000| Untracked 
|  12|0x0000000080c00000, 0x0000000080d00000, 0x0000000080d00000|100%| O|  |TAMS 0x0000000080d00000, 0x0000000080c00000| Untracked 
|  13|0x0000000080d00000, 0x0000000080e00000, 0x0000000080e00000|100%| O|  |TAMS 0x0000000080e00000, 0x0000000080d00000| Untracked 
|  14|0x0000000080e00000, 0x0000000080f00000, 0x0000000080f00000|100%| O|  |TAMS 0x0000000080f00000, 0x0000000080e00000| Untracked 
|  15|0x0000000080f00000, 0x0000000081000000, 0x0000000081000000|100%| O|  |TAMS 0x0000000081000000, 0x0000000080f00000| Untracked 
|  16|0x0000000081000000, 0x0000000081100000, 0x0000000081100000|100%| O|  |TAMS 0x0000000081100000, 0x0000000081000000| Untracked 
|  17|0x0000000081100000, 0x0000000081200000, 0x0000000081200000|100%|HS|  |TAMS 0x0000000081200000, 0x0000000081100000| Complete 
|  18|0x0000000081200000, 0x0000000081300000, 0x0000000081300000|100%| O|  |TAMS 0x0000000081300000, 0x0000000081200000| Untracked 
|  19|0x0000000081300000, 0x0000000081400000, 0x0000000081400000|100%| O|  |TAMS 0x0000000081400000, 0x0000000081300000| Untracked 
|  20|0x0000000081400000, 0x0000000081500000, 0x0000000081500000|100%| O|  |TAMS 0x0000000081500000, 0x0000000081400000| Untracked 
|  21|0x0000000081500000, 0x0000000081600000, 0x0000000081600000|100%| O|  |TAMS 0x0000000081600000, 0x0000000081500000| Complete 
|  22|0x0000000081600000, 0x0000000081700000, 0x0000000081700000|100%| O|  |TAMS 0x0000000081700000, 0x0000000081600000| Untracked 
|  23|0x0000000081700000, 0x0000000081800000, 0x0000000081800000|100%| O|  |TAMS 0x0000000081800000, 0x0000000081700000| Untracked 
|  24|0x0000000081800000, 0x0000000081900000, 0x0000000081900000|100%|HS|  |TAMS 0x0000000081900000, 0x0000000081800000| Complete 
|  25|0x0000000081900000, 0x0000000081a00000, 0x0000000081a00000|100%|HS|  |TAMS 0x0000000081a00000, 0x0000000081900000| Complete 
|  26|0x0000000081a00000, 0x0000000081b00000, 0x0000000081b00000|100%|HS|  |TAMS 0x0000000081b00000, 0x0000000081a00000| Complete 
|  27|0x0000000081b00000, 0x0000000081c00000, 0x0000000081c00000|100%|HC|  |TAMS 0x0000000081c00000, 0x0000000081b00000| Complete 
|  28|0x0000000081c00000, 0x0000000081d00000, 0x0000000081d00000|100%|HC|  |TAMS 0x0000000081d00000, 0x0000000081c00000| Complete 
|  29|0x0000000081d00000, 0x0000000081e00000, 0x0000000081e00000|100%|HS|  |TAMS 0x0000000081e00000, 0x0000000081d00000| Complete 
|  30|0x0000000081e00000, 0x0000000081f00000, 0x0000000081f00000|100%|HC|  |TAMS 0x0000000081f00000, 0x0000000081e00000| Complete 
|  31|0x0000000081f00000, 0x0000000082000000, 0x0000000082000000|100%| O|  |TAMS 0x0000000082000000, 0x0000000081f00000| Untracked 
|  32|0x0000000082000000, 0x0000000082100000, 0x0000000082100000|100%| O|  |TAMS 0x0000000082100000, 0x0000000082000000| Untracked 
|  33|0x0000000082100000, 0x0000000082200000, 0x0000000082200000|100%| O|  |TAMS 0x0000000082200000, 0x0000000082100000| Untracked 
|  34|0x0000000082200000, 0x0000000082300000, 0x0000000082300000|100%| O|  |TAMS 0x0000000082300000, 0x0000000082200000| Untracked 
|  35|0x0000000082300000, 0x0000000082400000, 0x0000000082400000|100%| O|  |TAMS 0x0000000082400000, 0x0000000082300000| Complete 
|  36|0x0000000082400000, 0x0000000082500000, 0x0000000082500000|100%| O|  |TAMS 0x0000000082500000, 0x0000000082400000| Untracked 
|  37|0x0000000082500000, 0x0000000082600000, 0x0000000082600000|100%| O|  |TAMS 0x0000000082600000, 0x0000000082500000| Untracked 
|  38|0x0000000082600000, 0x0000000082700000, 0x0000000082700000|100%| O|  |TAMS 0x0000000082700000, 0x0000000082600000| Untracked 
|  39|0x0000000082700000, 0x0000000082800000, 0x0000000082800000|100%| O|  |TAMS 0x0000000082800000, 0x0000000082700000| Untracked 
|  40|0x0000000082800000, 0x0000000082900000, 0x0000000082900000|100%| O|  |TAMS 0x0000000082900000, 0x0000000082800000| Untracked 
|  41|0x0000000082900000, 0x0000000082a00000, 0x0000000082a00000|100%| O|  |TAMS 0x0000000082a00000, 0x0000000082900000| Untracked 
|  42|0x0000000082a00000, 0x0000000082b00000, 0x0000000082b00000|100%| O|  |TAMS 0x0000000082b00000, 0x0000000082a00000| Untracked 
|  43|0x0000000082b00000, 0x0000000082c00000, 0x0000000082c00000|100%| O|  |TAMS 0x0000000082c00000, 0x0000000082b00000| Untracked 
|  44|0x0000000082c00000, 0x0000000082d00000, 0x0000000082d00000|100%| O|  |TAMS 0x0000000082d00000, 0x0000000082c00000| Untracked 
|  45|0x0000000082d00000, 0x0000000082e00000, 0x0000000082e00000|100%| O|  |TAMS 0x0000000082e00000, 0x0000000082d00000| Untracked 
|  46|0x0000000082e00000, 0x0000000082f00000, 0x0000000082f00000|100%| O|  |TAMS 0x0000000082f00000, 0x0000000082e00000| Untracked 
|  47|0x0000000082f00000, 0x0000000083000000, 0x0000000083000000|100%| O|  |TAMS 0x0000000083000000, 0x0000000082f00000| Untracked 
|  48|0x0000000083000000, 0x0000000083100000, 0x0000000083100000|100%| O|  |TAMS 0x0000000083100000, 0x0000000083000000| Complete 
|  49|0x0000000083100000, 0x0000000083200000, 0x0000000083200000|100%| O|  |TAMS 0x0000000083200000, 0x0000000083100000| Untracked 
|  50|0x0000000083200000, 0x0000000083300000, 0x0000000083300000|100%| O|  |TAMS 0x0000000083300000, 0x0000000083200000| Untracked 
|  51|0x0000000083300000, 0x0000000083400000, 0x0000000083400000|100%| O|  |TAMS 0x0000000083400000, 0x0000000083300000| Untracked 
|  52|0x0000000083400000, 0x0000000083500000, 0x0000000083500000|100%| O|  |TAMS 0x0000000083500000, 0x0000000083400000| Complete 
|  53|0x0000000083500000, 0x0000000083600000, 0x0000000083600000|100%| O|  |TAMS 0x0000000083600000, 0x0000000083500000| Untracked 
|  54|0x0000000083600000, 0x0000000083700000, 0x0000000083700000|100%| O|  |TAMS 0x0000000083700000, 0x0000000083600000| Untracked 
|  55|0x0000000083700000, 0x0000000083800000, 0x0000000083800000|100%| O|  |TAMS 0x0000000083800000, 0x0000000083700000| Untracked 
|  56|0x0000000083800000, 0x0000000083900000, 0x0000000083900000|100%| O|  |TAMS 0x0000000083900000, 0x0000000083800000| Complete 
|  57|0x0000000083900000, 0x0000000083a00000, 0x0000000083a00000|100%| O|  |TAMS 0x0000000083a00000, 0x0000000083900000| Complete 
|  58|0x0000000083a00000, 0x0000000083b00000, 0x0000000083b00000|100%| O|  |TAMS 0x0000000083b00000, 0x0000000083a00000| Untracked 
|  59|0x0000000083b00000, 0x0000000083c00000, 0x0000000083c00000|100%| O|  |TAMS 0x0000000083c00000, 0x0000000083b00000| Complete 
|  60|0x0000000083c00000, 0x0000000083d00000, 0x0000000083d00000|100%| O|  |TAMS 0x0000000083d00000, 0x0000000083c00000| Complete 
|  61|0x0000000083d00000, 0x0000000083e00000, 0x0000000083e00000|100%| O|  |TAMS 0x0000000083e00000, 0x0000000083d00000| Untracked 
|  62|0x0000000083e00000, 0x0000000083f00000, 0x0000000083f00000|100%| O|  |TAMS 0x0000000083f00000, 0x0000000083e00000| Untracked 
|  63|0x0000000083f00000, 0x0000000084000000, 0x0000000084000000|100%| O|  |TAMS 0x0000000084000000, 0x0000000083f00000| Untracked 
|  64|0x0000000084000000, 0x0000000084100000, 0x0000000084100000|100%| O|  |TAMS 0x0000000084100000, 0x0000000084000000| Untracked 
|  65|0x0000000084100000, 0x0000000084200000, 0x0000000084200000|100%| O|  |TAMS 0x0000000084200000, 0x0000000084100000| Untracked 
|  66|0x0000000084200000, 0x0000000084300000, 0x0000000084300000|100%| O|  |TAMS 0x0000000084300000, 0x0000000084200000| Complete 
|  67|0x0000000084300000, 0x0000000084400000, 0x0000000084400000|100%| O|  |TAMS 0x0000000084400000, 0x0000000084300000| Complete 
|  68|0x0000000084400000, 0x0000000084500000, 0x0000000084500000|100%| O|  |TAMS 0x0000000084500000, 0x0000000084400000| Untracked 
|  69|0x0000000084500000, 0x0000000084600000, 0x0000000084600000|100%| O|  |TAMS 0x0000000084600000, 0x0000000084500000| Untracked 
|  70|0x0000000084600000, 0x0000000084700000, 0x0000000084700000|100%| O|  |TAMS 0x0000000084700000, 0x0000000084600000| Complete 
|  71|0x0000000084700000, 0x0000000084800000, 0x0000000084800000|100%| O|  |TAMS 0x0000000084800000, 0x0000000084700000| Complete 
|  72|0x0000000084800000, 0x0000000084900000, 0x0000000084900000|100%| O|  |TAMS 0x0000000084900000, 0x0000000084800000| Untracked 
|  73|0x0000000084900000, 0x0000000084a00000, 0x0000000084a00000|100%| O|  |TAMS 0x0000000084a00000, 0x0000000084900000| Untracked 
|  74|0x0000000084a00000, 0x0000000084b00000, 0x0000000084b00000|100%| O|  |TAMS 0x0000000084b00000, 0x0000000084a00000| Untracked 
|  75|0x0000000084b00000, 0x0000000084c00000, 0x0000000084c00000|100%|HS|  |TAMS 0x0000000084c00000, 0x0000000084b00000| Complete 
|  76|0x0000000084c00000, 0x0000000084d00000, 0x0000000084d00000|100%|HC|  |TAMS 0x0000000084d00000, 0x0000000084c00000| Complete 
|  77|0x0000000084d00000, 0x0000000084e00000, 0x0000000084e00000|100%|HS|  |TAMS 0x0000000084e00000, 0x0000000084d00000| Complete 
|  78|0x0000000084e00000, 0x0000000084f00000, 0x0000000084f00000|100%|HS|  |TAMS 0x0000000084f00000, 0x0000000084e00000| Complete 
|  79|0x0000000084f00000, 0x0000000085000000, 0x0000000085000000|100%| O|  |TAMS 0x0000000085000000, 0x0000000084f00000| Untracked 
|  80|0x0000000085000000, 0x0000000085100000, 0x0000000085100000|100%| O|  |TAMS 0x0000000085100000, 0x0000000085000000| Untracked 
|  81|0x0000000085100000, 0x0000000085200000, 0x0000000085200000|100%| O|  |TAMS 0x0000000085200000, 0x0000000085100000| Untracked 
|  82|0x0000000085200000, 0x0000000085300000, 0x0000000085300000|100%|HS|  |TAMS 0x0000000085300000, 0x0000000085200000| Complete 
|  83|0x0000000085300000, 0x0000000085400000, 0x0000000085400000|100%|HC|  |TAMS 0x0000000085400000, 0x0000000085300000| Complete 
|  84|0x0000000085400000, 0x0000000085500000, 0x0000000085500000|100%|HC|  |TAMS 0x0000000085500000, 0x0000000085400000| Complete 
|  85|0x0000000085500000, 0x0000000085600000, 0x0000000085600000|100%| O|  |TAMS 0x0000000085600000, 0x0000000085500000| Complete 
|  86|0x0000000085600000, 0x0000000085700000, 0x0000000085700000|100%|HS|  |TAMS 0x0000000085700000, 0x0000000085600000| Complete 
|  87|0x0000000085700000, 0x0000000085800000, 0x0000000085800000|100%| O|  |TAMS 0x0000000085800000, 0x0000000085700000| Untracked 
|  88|0x0000000085800000, 0x0000000085900000, 0x0000000085900000|100%| O|  |TAMS 0x0000000085900000, 0x0000000085800000| Untracked 
|  89|0x0000000085900000, 0x0000000085a00000, 0x0000000085a00000|100%| O|  |TAMS 0x0000000085a00000, 0x0000000085900000| Untracked 
|  90|0x0000000085a00000, 0x0000000085b00000, 0x0000000085b00000|100%| O|  |TAMS 0x0000000085b00000, 0x0000000085a00000| Complete 
|  91|0x0000000085b00000, 0x0000000085c00000, 0x0000000085c00000|100%| O|  |TAMS 0x0000000085c00000, 0x0000000085b00000| Untracked 
|  92|0x0000000085c00000, 0x0000000085d00000, 0x0000000085d00000|100%| O|  |TAMS 0x0000000085d00000, 0x0000000085c00000| Complete 
|  93|0x0000000085d00000, 0x0000000085e00000, 0x0000000085e00000|100%| O|  |TAMS 0x0000000085e00000, 0x0000000085d00000| Complete 
|  94|0x0000000085e00000, 0x0000000085f00000, 0x0000000085f00000|100%| O|  |TAMS 0x0000000085f00000, 0x0000000085e00000| Untracked 
|  95|0x0000000085f00000, 0x0000000086000000, 0x0000000086000000|100%|HS|  |TAMS 0x0000000085f00000, 0x0000000085f00000| Complete 
|  96|0x0000000086000000, 0x0000000086100000, 0x0000000086100000|100%|HC|  |TAMS 0x0000000086000000, 0x0000000086000000| Complete 
|  97|0x0000000086100000, 0x0000000086200000, 0x0000000086200000|100%| O|  |TAMS 0x0000000086200000, 0x0000000086100000| Untracked 
|  98|0x0000000086200000, 0x0000000086300000, 0x0000000086300000|100%|HS|  |TAMS 0x0000000086200000, 0x0000000086200000| Complete 
|  99|0x0000000086300000, 0x0000000086400000, 0x0000000086400000|100%| O|  |TAMS 0x0000000086400000, 0x0000000086300000| Complete 
| 100|0x0000000086400000, 0x0000000086500000, 0x0000000086500000|100%|HS|  |TAMS 0x0000000086400000, 0x0000000086400000| Complete 
| 101|0x0000000086500000, 0x0000000086600000, 0x0000000086600000|100%| O|  |TAMS 0x0000000086600000, 0x0000000086500000| Complete 
| 102|0x0000000086600000, 0x0000000086700000, 0x0000000086700000|100%| O|  |TAMS 0x0000000086700000, 0x0000000086600000| Complete 
| 103|0x0000000086700000, 0x0000000086800000, 0x0000000086800000|100%| O|  |TAMS 0x0000000086800000, 0x0000000086700000| Untracked 
| 104|0x0000000086800000, 0x0000000086900000, 0x0000000086900000|100%|HS|  |TAMS 0x0000000086800000, 0x0000000086800000| Complete 
| 105|0x0000000086900000, 0x0000000086a00000, 0x0000000086a00000|100%|HC|  |TAMS 0x0000000086900000, 0x0000000086900000| Complete 
| 106|0x0000000086a00000, 0x0000000086b00000, 0x0000000086b00000|100%| O|  |TAMS 0x0000000086a00000, 0x0000000086a00000| Untracked 
| 107|0x0000000086b00000, 0x0000000086c00000, 0x0000000086c00000|100%| O|  |TAMS 0x0000000086c00000, 0x0000000086b00000| Complete 
| 108|0x0000000086c00000, 0x0000000086d00000, 0x0000000086d00000|100%| O|  |TAMS 0x0000000086c00000, 0x0000000086c00000| Untracked 
| 109|0x0000000086d00000, 0x0000000086e00000, 0x0000000086e00000|100%| O|  |TAMS 0x0000000086e00000, 0x0000000086d00000| Complete 
| 110|0x0000000086e00000, 0x0000000086f00000, 0x0000000086f00000|100%| O|  |TAMS 0x0000000086f00000, 0x0000000086e00000| Complete 
| 111|0x0000000086f00000, 0x0000000087000000, 0x0000000087000000|100%| O|  |TAMS 0x0000000087000000, 0x0000000086f00000| Complete 
| 112|0x0000000087000000, 0x0000000087100000, 0x0000000087100000|100%| O|  |TAMS 0x0000000087100000, 0x0000000087000000| Untracked 
| 113|0x0000000087100000, 0x0000000087200000, 0x0000000087200000|100%| O|  |TAMS 0x0000000087200000, 0x0000000087100000| Complete 
| 114|0x0000000087200000, 0x0000000087300000, 0x0000000087300000|100%| O|  |TAMS 0x0000000087300000, 0x0000000087200000| Complete 
| 115|0x0000000087300000, 0x0000000087400000, 0x0000000087400000|100%|HS|  |TAMS 0x0000000087400000, 0x0000000087300000| Complete 
| 116|0x0000000087400000, 0x0000000087500000, 0x0000000087500000|100%| O|  |TAMS 0x0000000087500000, 0x0000000087400000| Untracked 
| 117|0x0000000087500000, 0x0000000087600000, 0x0000000087600000|100%| O|  |TAMS 0x0000000087600000, 0x0000000087500000| Complete 
| 118|0x0000000087600000, 0x0000000087700000, 0x0000000087700000|100%| O|  |TAMS 0x0000000087700000, 0x0000000087600000| Complete 
| 119|0x0000000087700000, 0x0000000087800000, 0x0000000087800000|100%| O|  |TAMS 0x0000000087800000, 0x0000000087700000| Complete 
| 120|0x0000000087800000, 0x0000000087900000, 0x0000000087900000|100%| O|  |TAMS 0x0000000087900000, 0x0000000087800000| Complete 
| 121|0x0000000087900000, 0x0000000087a00000, 0x0000000087a00000|100%| O|  |TAMS 0x0000000087a00000, 0x0000000087900000| Complete 
| 122|0x0000000087a00000, 0x0000000087b00000, 0x0000000087b00000|100%| O|  |TAMS 0x0000000087b00000, 0x0000000087a00000| Complete 
| 123|0x0000000087b00000, 0x0000000087c00000, 0x0000000087c00000|100%| O|  |TAMS 0x0000000087c00000, 0x0000000087b00000| Complete 
| 124|0x0000000087c00000, 0x0000000087d00000, 0x0000000087d00000|100%| O|  |TAMS 0x0000000087d00000, 0x0000000087c00000| Complete 
| 125|0x0000000087d00000, 0x0000000087e00000, 0x0000000087e00000|100%| O|  |TAMS 0x0000000087e00000, 0x0000000087d00000| Untracked 
| 126|0x0000000087e00000, 0x0000000087f00000, 0x0000000087f00000|100%| O|  |TAMS 0x0000000087f00000, 0x0000000087e00000| Untracked 
| 127|0x0000000087f00000, 0x0000000088000000, 0x0000000088000000|100%| O|  |TAMS 0x0000000088000000, 0x0000000087f00000| Complete 
| 128|0x0000000088000000, 0x0000000088100000, 0x0000000088100000|100%| O|  |TAMS 0x0000000088100000, 0x0000000088000000| Complete 
| 129|0x0000000088100000, 0x0000000088200000, 0x0000000088200000|100%| O|  |TAMS 0x0000000088200000, 0x0000000088100000| Complete 
| 130|0x0000000088200000, 0x0000000088300000, 0x0000000088300000|100%| O|  |TAMS 0x0000000088300000, 0x0000000088200000| Untracked 
| 131|0x0000000088300000, 0x0000000088400000, 0x0000000088400000|100%| O|  |TAMS 0x0000000088400000, 0x0000000088300000| Complete 
| 132|0x0000000088400000, 0x0000000088500000, 0x0000000088500000|100%| O|  |TAMS 0x0000000088500000, 0x0000000088400000| Complete 
| 133|0x0000000088500000, 0x0000000088500000, 0x0000000088600000|  0%| F|  |TAMS 0x0000000088500000, 0x0000000088500000| Untracked 
| 134|0x0000000088600000, 0x0000000088700000, 0x0000000088700000|100%| O|  |TAMS 0x0000000088700000, 0x0000000088600000| Untracked 
| 135|0x0000000088700000, 0x0000000088800000, 0x0000000088800000|100%| O|  |TAMS 0x0000000088800000, 0x0000000088700000| Untracked 
| 136|0x0000000088800000, 0x0000000088900000, 0x0000000088900000|100%| O|  |TAMS 0x0000000088900000, 0x0000000088800000| Complete 
| 137|0x0000000088900000, 0x0000000088a00000, 0x0000000088a00000|100%| O|  |TAMS 0x0000000088a00000, 0x0000000088900000| Complete 
| 138|0x0000000088a00000, 0x0000000088b00000, 0x0000000088b00000|100%| O|  |TAMS 0x0000000088b00000, 0x0000000088a00000| Complete 
| 139|0x0000000088b00000, 0x0000000088c00000, 0x0000000088c00000|100%| O|  |TAMS 0x0000000088c00000, 0x0000000088b00000| Untracked 
| 140|0x0000000088c00000, 0x0000000088d00000, 0x0000000088d00000|100%| O|  |TAMS 0x0000000088d00000, 0x0000000088c00000| Complete 
| 141|0x0000000088d00000, 0x0000000088e00000, 0x0000000088e00000|100%| O|  |TAMS 0x0000000088e00000, 0x0000000088d00000| Untracked 
| 142|0x0000000088e00000, 0x0000000088f00000, 0x0000000088f00000|100%| O|  |TAMS 0x0000000088f00000, 0x0000000088e00000| Complete 
| 143|0x0000000088f00000, 0x0000000089000000, 0x0000000089000000|100%| O|  |TAMS 0x0000000089000000, 0x0000000088f00000| Complete 
| 144|0x0000000089000000, 0x0000000089000000, 0x0000000089100000|  0%| F|  |TAMS 0x0000000089000000, 0x0000000089000000| Untracked 
| 145|0x0000000089100000, 0x0000000089200000, 0x0000000089200000|100%| O|  |TAMS 0x0000000089200000, 0x0000000089100000| Complete 
| 146|0x0000000089200000, 0x0000000089300000, 0x0000000089300000|100%| O|  |TAMS 0x0000000089300000, 0x0000000089200000| Untracked 
| 147|0x0000000089300000, 0x0000000089400000, 0x0000000089400000|100%| O|  |TAMS 0x0000000089400000, 0x0000000089300000| Untracked 
| 148|0x0000000089400000, 0x0000000089500000, 0x0000000089500000|100%| O|  |TAMS 0x0000000089500000, 0x0000000089400000| Untracked 
| 149|0x0000000089500000, 0x0000000089500000, 0x0000000089600000|  0%| F|  |TAMS 0x0000000089500000, 0x0000000089500000| Untracked 
| 150|0x0000000089600000, 0x0000000089700000, 0x0000000089700000|100%| O|  |TAMS 0x0000000089700000, 0x0000000089600000| Complete 
| 151|0x0000000089700000, 0x0000000089800000, 0x0000000089800000|100%| O|  |TAMS 0x0000000089800000, 0x0000000089700000| Untracked 
| 152|0x0000000089800000, 0x0000000089900000, 0x0000000089900000|100%| O|  |TAMS 0x0000000089900000, 0x0000000089800000| Complete 
| 153|0x0000000089900000, 0x0000000089a00000, 0x0000000089a00000|100%| O|  |TAMS 0x0000000089a00000, 0x0000000089900000| Untracked 
| 154|0x0000000089a00000, 0x0000000089b00000, 0x0000000089b00000|100%| O|  |TAMS 0x0000000089b00000, 0x0000000089a00000| Complete 
| 155|0x0000000089b00000, 0x0000000089c00000, 0x0000000089c00000|100%| O|  |TAMS 0x0000000089c00000, 0x0000000089b00000| Complete 
| 156|0x0000000089c00000, 0x0000000089d00000, 0x0000000089d00000|100%| O|  |TAMS 0x0000000089d00000, 0x0000000089c00000| Untracked 
| 157|0x0000000089d00000, 0x0000000089e00000, 0x0000000089e00000|100%| O|  |TAMS 0x0000000089e00000, 0x0000000089d00000| Complete 
| 158|0x0000000089e00000, 0x0000000089f00000, 0x0000000089f00000|100%| O|  |TAMS 0x0000000089f00000, 0x0000000089e00000| Complete 
| 159|0x0000000089f00000, 0x000000008a000000, 0x000000008a000000|100%| O|  |TAMS 0x000000008a000000, 0x0000000089f00000| Untracked 
| 160|0x000000008a000000, 0x000000008a100000, 0x000000008a100000|100%| O|  |TAMS 0x000000008a100000, 0x000000008a000000| Complete 
| 161|0x000000008a100000, 0x000000008a200000, 0x000000008a200000|100%| O|  |TAMS 0x000000008a200000, 0x000000008a100000| Untracked 
| 162|0x000000008a200000, 0x000000008a300000, 0x000000008a300000|100%| O|  |TAMS 0x000000008a300000, 0x000000008a200000| Complete 
| 163|0x000000008a300000, 0x000000008a400000, 0x000000008a400000|100%| O|  |TAMS 0x000000008a400000, 0x000000008a300000| Untracked 
| 164|0x000000008a400000, 0x000000008a500000, 0x000000008a500000|100%| O|  |TAMS 0x000000008a500000, 0x000000008a400000| Untracked 
| 165|0x000000008a500000, 0x000000008a600000, 0x000000008a600000|100%| O|  |TAMS 0x000000008a600000, 0x000000008a500000| Untracked 
| 166|0x000000008a600000, 0x000000008a700000, 0x000000008a700000|100%| O|  |TAMS 0x000000008a700000, 0x000000008a600000| Untracked 
| 167|0x000000008a700000, 0x000000008a800000, 0x000000008a800000|100%| O|  |TAMS 0x000000008a79d000, 0x000000008a700000| Untracked 
| 168|0x000000008a800000, 0x000000008a900000, 0x000000008a900000|100%|HS|  |TAMS 0x000000008a800000, 0x000000008a800000| Complete 
| 169|0x000000008a900000, 0x000000008aa00000, 0x000000008aa00000|100%|HS|  |TAMS 0x000000008a900000, 0x000000008a900000| Complete 
| 170|0x000000008aa00000, 0x000000008ab00000, 0x000000008ab00000|100%|HS|  |TAMS 0x000000008aa00000, 0x000000008aa00000| Complete 
| 171|0x000000008ab00000, 0x000000008ac00000, 0x000000008ac00000|100%|HC|  |TAMS 0x000000008ab00000, 0x000000008ab00000| Complete 
| 172|0x000000008ac00000, 0x000000008ad00000, 0x000000008ad00000|100%|HS|  |TAMS 0x000000008ac00000, 0x000000008ac00000| Complete 
| 173|0x000000008ad00000, 0x000000008ae00000, 0x000000008ae00000|100%| O|  |TAMS 0x000000008ad00000, 0x000000008ad00000| Untracked 
| 174|0x000000008ae00000, 0x000000008af00000, 0x000000008af00000|100%| O|  |TAMS 0x000000008ae00000, 0x000000008ae00000| Untracked 
| 175|0x000000008af00000, 0x000000008b000000, 0x000000008b000000|100%| O|  |TAMS 0x000000008af00000, 0x000000008af00000| Untracked 
| 176|0x000000008b000000, 0x000000008b0ee200, 0x000000008b100000| 93%| O|  |TAMS 0x000000008b000000, 0x000000008b000000| Untracked 
| 177|0x000000008b100000, 0x000000008b100000, 0x000000008b200000|  0%| F|  |TAMS 0x000000008b100000, 0x000000008b100000| Untracked 
| 178|0x000000008b200000, 0x000000008b200000, 0x000000008b300000|  0%| F|  |TAMS 0x000000008b200000, 0x000000008b200000| Untracked 
| 179|0x000000008b300000, 0x000000008b300000, 0x000000008b400000|  0%| F|  |TAMS 0x000000008b300000, 0x000000008b300000| Untracked 
| 180|0x000000008b400000, 0x000000008b400000, 0x000000008b500000|  0%| F|  |TAMS 0x000000008b400000, 0x000000008b400000| Untracked 
| 181|0x000000008b500000, 0x000000008b500000, 0x000000008b600000|  0%| F|  |TAMS 0x000000008b500000, 0x000000008b500000| Untracked 
| 182|0x000000008b600000, 0x000000008b600000, 0x000000008b700000|  0%| F|  |TAMS 0x000000008b600000, 0x000000008b600000| Untracked 
| 183|0x000000008b700000, 0x000000008b700000, 0x000000008b800000|  0%| F|  |TAMS 0x000000008b700000, 0x000000008b700000| Untracked 
| 184|0x000000008b800000, 0x000000008b800000, 0x000000008b900000|  0%| F|  |TAMS 0x000000008b800000, 0x000000008b800000| Untracked 
| 185|0x000000008b900000, 0x000000008b900000, 0x000000008ba00000|  0%| F|  |TAMS 0x000000008b900000, 0x000000008b900000| Untracked 
| 186|0x000000008ba00000, 0x000000008ba00000, 0x000000008bb00000|  0%| F|  |TAMS 0x000000008ba00000, 0x000000008ba00000| Untracked 
| 187|0x000000008bb00000, 0x000000008bb00000, 0x000000008bc00000|  0%| F|  |TAMS 0x000000008bb00000, 0x000000008bb00000| Untracked 
| 188|0x000000008bc00000, 0x000000008bc00000, 0x000000008bd00000|  0%| F|  |TAMS 0x000000008bc00000, 0x000000008bc00000| Untracked 
| 189|0x000000008bd00000, 0x000000008bd00000, 0x000000008be00000|  0%| F|  |TAMS 0x000000008bd00000, 0x000000008bd00000| Untracked 
| 190|0x000000008be00000, 0x000000008be00000, 0x000000008bf00000|  0%| F|  |TAMS 0x000000008be00000, 0x000000008be00000| Untracked 
| 191|0x000000008bf00000, 0x000000008bf00000, 0x000000008c000000|  0%| F|  |TAMS 0x000000008bf00000, 0x000000008bf00000| Untracked 
| 192|0x000000008c000000, 0x000000008c000000, 0x000000008c100000|  0%| F|  |TAMS 0x000000008c000000, 0x000000008c000000| Untracked 
| 193|0x000000008c100000, 0x000000008c100000, 0x000000008c200000|  0%| F|  |TAMS 0x000000008c100000, 0x000000008c100000| Untracked 
| 194|0x000000008c200000, 0x000000008c200000, 0x000000008c300000|  0%| F|  |TAMS 0x000000008c200000, 0x000000008c200000| Untracked 
| 195|0x000000008c300000, 0x000000008c300000, 0x000000008c400000|  0%| F|  |TAMS 0x000000008c300000, 0x000000008c300000| Untracked 
| 196|0x000000008c400000, 0x000000008c400000, 0x000000008c500000|  0%| F|  |TAMS 0x000000008c400000, 0x000000008c400000| Untracked 
| 197|0x000000008c500000, 0x000000008c500000, 0x000000008c600000|  0%| F|  |TAMS 0x000000008c500000, 0x000000008c500000| Untracked 
| 198|0x000000008c600000, 0x000000008c600000, 0x000000008c700000|  0%| F|  |TAMS 0x000000008c600000, 0x000000008c600000| Untracked 
| 199|0x000000008c700000, 0x000000008c700000, 0x000000008c800000|  0%| F|  |TAMS 0x000000008c700000, 0x000000008c700000| Untracked 
| 200|0x000000008c800000, 0x000000008c800000, 0x000000008c900000|  0%| F|  |TAMS 0x000000008c800000, 0x000000008c800000| Untracked 
| 201|0x000000008c900000, 0x000000008c900000, 0x000000008ca00000|  0%| F|  |TAMS 0x000000008c900000, 0x000000008c900000| Untracked 
| 202|0x000000008ca00000, 0x000000008ca00000, 0x000000008cb00000|  0%| F|  |TAMS 0x000000008ca00000, 0x000000008ca00000| Untracked 
| 203|0x000000008cb00000, 0x000000008cb00000, 0x000000008cc00000|  0%| F|  |TAMS 0x000000008cb00000, 0x000000008cb00000| Untracked 
| 204|0x000000008cc00000, 0x000000008cc00000, 0x000000008cd00000|  0%| F|  |TAMS 0x000000008cc00000, 0x000000008cc00000| Untracked 
| 205|0x000000008cd00000, 0x000000008cd00000, 0x000000008ce00000|  0%| F|  |TAMS 0x000000008cd00000, 0x000000008cd00000| Untracked 
| 206|0x000000008ce00000, 0x000000008ce00000, 0x000000008cf00000|  0%| F|  |TAMS 0x000000008ce00000, 0x000000008ce00000| Untracked 
| 207|0x000000008cf00000, 0x000000008cf00000, 0x000000008d000000|  0%| F|  |TAMS 0x000000008cf00000, 0x000000008cf00000| Untracked 
| 208|0x000000008d000000, 0x000000008d000000, 0x000000008d100000|  0%| F|  |TAMS 0x000000008d000000, 0x000000008d000000| Untracked 
| 209|0x000000008d100000, 0x000000008d100000, 0x000000008d200000|  0%| F|  |TAMS 0x000000008d100000, 0x000000008d100000| Untracked 
| 210|0x000000008d200000, 0x000000008d200000, 0x000000008d300000|  0%| F|  |TAMS 0x000000008d200000, 0x000000008d200000| Untracked 
| 211|0x000000008d300000, 0x000000008d300000, 0x000000008d400000|  0%| F|  |TAMS 0x000000008d300000, 0x000000008d300000| Untracked 
| 212|0x000000008d400000, 0x000000008d400000, 0x000000008d500000|  0%| F|  |TAMS 0x000000008d400000, 0x000000008d400000| Untracked 
| 213|0x000000008d500000, 0x000000008d500000, 0x000000008d600000|  0%| F|  |TAMS 0x000000008d500000, 0x000000008d500000| Untracked 
| 214|0x000000008d600000, 0x000000008d600000, 0x000000008d700000|  0%| F|  |TAMS 0x000000008d600000, 0x000000008d600000| Untracked 
| 215|0x000000008d700000, 0x000000008d700000, 0x000000008d800000|  0%| F|  |TAMS 0x000000008d700000, 0x000000008d700000| Untracked 
| 216|0x000000008d800000, 0x000000008d800000, 0x000000008d900000|  0%| F|  |TAMS 0x000000008d800000, 0x000000008d800000| Untracked 
| 217|0x000000008d900000, 0x000000008d900000, 0x000000008da00000|  0%| F|  |TAMS 0x000000008d900000, 0x000000008d900000| Untracked 
| 218|0x000000008da00000, 0x000000008da00000, 0x000000008db00000|  0%| F|  |TAMS 0x000000008da00000, 0x000000008da00000| Untracked 
| 219|0x000000008db00000, 0x000000008db00000, 0x000000008dc00000|  0%| F|  |TAMS 0x000000008db00000, 0x000000008db00000| Untracked 
| 220|0x000000008dc00000, 0x000000008dc00000, 0x000000008dd00000|  0%| F|  |TAMS 0x000000008dc00000, 0x000000008dc00000| Untracked 
| 221|0x000000008dd00000, 0x000000008dd00000, 0x000000008de00000|  0%| F|  |TAMS 0x000000008dd00000, 0x000000008dd00000| Untracked 
| 222|0x000000008de00000, 0x000000008de00000, 0x000000008df00000|  0%| F|  |TAMS 0x000000008de00000, 0x000000008de00000| Untracked 
| 223|0x000000008df00000, 0x000000008df00000, 0x000000008e000000|  0%| F|  |TAMS 0x000000008df00000, 0x000000008df00000| Untracked 
| 224|0x000000008e000000, 0x000000008e000000, 0x000000008e100000|  0%| F|  |TAMS 0x000000008e000000, 0x000000008e000000| Untracked 
| 225|0x000000008e100000, 0x000000008e100000, 0x000000008e200000|  0%| F|  |TAMS 0x000000008e100000, 0x000000008e100000| Untracked 
| 226|0x000000008e200000, 0x000000008e200000, 0x000000008e300000|  0%| F|  |TAMS 0x000000008e200000, 0x000000008e200000| Untracked 
| 227|0x000000008e300000, 0x000000008e300000, 0x000000008e400000|  0%| F|  |TAMS 0x000000008e300000, 0x000000008e300000| Untracked 
| 228|0x000000008e400000, 0x000000008e400000, 0x000000008e500000|  0%| F|  |TAMS 0x000000008e400000, 0x000000008e400000| Untracked 
| 229|0x000000008e500000, 0x000000008e500000, 0x000000008e600000|  0%| F|  |TAMS 0x000000008e500000, 0x000000008e500000| Untracked 
| 230|0x000000008e600000, 0x000000008e600000, 0x000000008e700000|  0%| F|  |TAMS 0x000000008e600000, 0x000000008e600000| Untracked 
| 231|0x000000008e700000, 0x000000008e700000, 0x000000008e800000|  0%| F|  |TAMS 0x000000008e700000, 0x000000008e700000| Untracked 
| 232|0x000000008e800000, 0x000000008e800000, 0x000000008e900000|  0%| F|  |TAMS 0x000000008e800000, 0x000000008e800000| Untracked 
| 233|0x000000008e900000, 0x000000008e900000, 0x000000008ea00000|  0%| F|  |TAMS 0x000000008e900000, 0x000000008e900000| Untracked 
| 234|0x000000008ea00000, 0x000000008ea00000, 0x000000008eb00000|  0%| F|  |TAMS 0x000000008ea00000, 0x000000008ea00000| Untracked 
| 235|0x000000008eb00000, 0x000000008eb00000, 0x000000008ec00000|  0%| F|  |TAMS 0x000000008eb00000, 0x000000008eb00000| Untracked 
| 236|0x000000008ec00000, 0x000000008ec00000, 0x000000008ed00000|  0%| F|  |TAMS 0x000000008ec00000, 0x000000008ec00000| Untracked 
| 237|0x000000008ed00000, 0x000000008ed00000, 0x000000008ee00000|  0%| F|  |TAMS 0x000000008ed00000, 0x000000008ed00000| Untracked 
| 238|0x000000008ee00000, 0x000000008ee00000, 0x000000008ef00000|  0%| F|  |TAMS 0x000000008ee00000, 0x000000008ee00000| Untracked 
| 239|0x000000008ef00000, 0x000000008ef00000, 0x000000008f000000|  0%| F|  |TAMS 0x000000008ef00000, 0x000000008ef00000| Untracked 
| 240|0x000000008f000000, 0x000000008f000000, 0x000000008f100000|  0%| F|  |TAMS 0x000000008f000000, 0x000000008f000000| Untracked 
| 241|0x000000008f100000, 0x000000008f100000, 0x000000008f200000|  0%| F|  |TAMS 0x000000008f100000, 0x000000008f100000| Untracked 
| 242|0x000000008f200000, 0x000000008f200000, 0x000000008f300000|  0%| F|  |TAMS 0x000000008f200000, 0x000000008f200000| Untracked 
| 243|0x000000008f300000, 0x000000008f300000, 0x000000008f400000|  0%| F|  |TAMS 0x000000008f300000, 0x000000008f300000| Untracked 
| 244|0x000000008f400000, 0x000000008f400000, 0x000000008f500000|  0%| F|  |TAMS 0x000000008f400000, 0x000000008f400000| Untracked 
| 245|0x000000008f500000, 0x000000008f500000, 0x000000008f600000|  0%| F|  |TAMS 0x000000008f500000, 0x000000008f500000| Untracked 
| 246|0x000000008f600000, 0x000000008f600000, 0x000000008f700000|  0%| F|  |TAMS 0x000000008f600000, 0x000000008f600000| Untracked 
| 247|0x000000008f700000, 0x000000008f700000, 0x000000008f800000|  0%| F|  |TAMS 0x000000008f700000, 0x000000008f700000| Untracked 
| 248|0x000000008f800000, 0x000000008f800000, 0x000000008f900000|  0%| F|  |TAMS 0x000000008f800000, 0x000000008f800000| Untracked 
| 249|0x000000008f900000, 0x000000008f900000, 0x000000008fa00000|  0%| F|  |TAMS 0x000000008f900000, 0x000000008f900000| Untracked 
| 250|0x000000008fa00000, 0x000000008fa00000, 0x000000008fb00000|  0%| F|  |TAMS 0x000000008fa00000, 0x000000008fa00000| Untracked 
| 251|0x000000008fb00000, 0x000000008fb00000, 0x000000008fc00000|  0%| F|  |TAMS 0x000000008fb00000, 0x000000008fb00000| Untracked 
| 252|0x000000008fc00000, 0x000000008fc00000, 0x000000008fd00000|  0%| F|  |TAMS 0x000000008fc00000, 0x000000008fc00000| Untracked 
| 253|0x000000008fd00000, 0x000000008fd00000, 0x000000008fe00000|  0%| F|  |TAMS 0x000000008fd00000, 0x000000008fd00000| Untracked 
| 254|0x000000008fe00000, 0x000000008fe00000, 0x000000008ff00000|  0%| F|  |TAMS 0x000000008fe00000, 0x000000008fe00000| Untracked 
| 255|0x000000008ff00000, 0x000000008ff00000, 0x0000000090000000|  0%| F|  |TAMS 0x000000008ff00000, 0x000000008ff00000| Untracked 
| 256|0x0000000090000000, 0x0000000090000000, 0x0000000090100000|  0%| F|  |TAMS 0x0000000090000000, 0x0000000090000000| Untracked 
| 257|0x0000000090100000, 0x0000000090100000, 0x0000000090200000|  0%| F|  |TAMS 0x0000000090100000, 0x0000000090100000| Untracked 
| 258|0x0000000090200000, 0x0000000090200000, 0x0000000090300000|  0%| F|  |TAMS 0x0000000090200000, 0x0000000090200000| Untracked 
| 259|0x0000000090300000, 0x0000000090300000, 0x0000000090400000|  0%| F|  |TAMS 0x0000000090300000, 0x0000000090300000| Untracked 
| 260|0x0000000090400000, 0x0000000090400000, 0x0000000090500000|  0%| F|  |TAMS 0x0000000090400000, 0x0000000090400000| Untracked 
| 261|0x0000000090500000, 0x0000000090500000, 0x0000000090600000|  0%| F|  |TAMS 0x0000000090500000, 0x0000000090500000| Untracked 
| 262|0x0000000090600000, 0x0000000090600000, 0x0000000090700000|  0%| F|  |TAMS 0x0000000090600000, 0x0000000090600000| Untracked 
| 263|0x0000000090700000, 0x0000000090700000, 0x0000000090800000|  0%| F|  |TAMS 0x0000000090700000, 0x0000000090700000| Untracked 
| 264|0x0000000090800000, 0x0000000090800000, 0x0000000090900000|  0%| F|  |TAMS 0x0000000090800000, 0x0000000090800000| Untracked 
| 265|0x0000000090900000, 0x0000000090900000, 0x0000000090a00000|  0%| F|  |TAMS 0x0000000090900000, 0x0000000090900000| Untracked 
| 266|0x0000000090a00000, 0x0000000090a00000, 0x0000000090b00000|  0%| F|  |TAMS 0x0000000090a00000, 0x0000000090a00000| Untracked 
| 267|0x0000000090b00000, 0x0000000090b00000, 0x0000000090c00000|  0%| F|  |TAMS 0x0000000090b00000, 0x0000000090b00000| Untracked 
| 268|0x0000000090c00000, 0x0000000090c00000, 0x0000000090d00000|  0%| F|  |TAMS 0x0000000090c00000, 0x0000000090c00000| Untracked 
| 269|0x0000000090d00000, 0x0000000090d00000, 0x0000000090e00000|  0%| F|  |TAMS 0x0000000090d00000, 0x0000000090d00000| Untracked 
| 270|0x0000000090e00000, 0x0000000090e00000, 0x0000000090f00000|  0%| F|  |TAMS 0x0000000090e00000, 0x0000000090e00000| Untracked 
| 271|0x0000000090f00000, 0x0000000090f00000, 0x0000000091000000|  0%| F|  |TAMS 0x0000000090f00000, 0x0000000090f00000| Untracked 
| 272|0x0000000091000000, 0x0000000091000000, 0x0000000091100000|  0%| F|  |TAMS 0x0000000091000000, 0x0000000091000000| Untracked 
| 273|0x0000000091100000, 0x0000000091100000, 0x0000000091200000|  0%| F|  |TAMS 0x0000000091100000, 0x0000000091100000| Untracked 
| 274|0x0000000091200000, 0x0000000091200000, 0x0000000091300000|  0%| F|  |TAMS 0x0000000091200000, 0x0000000091200000| Untracked 
| 275|0x0000000091300000, 0x0000000091300000, 0x0000000091400000|  0%| F|  |TAMS 0x0000000091300000, 0x0000000091300000| Untracked 
| 276|0x0000000091400000, 0x0000000091400000, 0x0000000091500000|  0%| F|  |TAMS 0x0000000091400000, 0x0000000091400000| Untracked 
| 277|0x0000000091500000, 0x0000000091500000, 0x0000000091600000|  0%| F|  |TAMS 0x0000000091500000, 0x0000000091500000| Untracked 
| 278|0x0000000091600000, 0x0000000091600000, 0x0000000091700000|  0%| F|  |TAMS 0x0000000091600000, 0x0000000091600000| Untracked 
| 279|0x0000000091700000, 0x0000000091700000, 0x0000000091800000|  0%| F|  |TAMS 0x0000000091700000, 0x0000000091700000| Untracked 
| 280|0x0000000091800000, 0x0000000091800000, 0x0000000091900000|  0%| F|  |TAMS 0x0000000091800000, 0x0000000091800000| Untracked 
| 281|0x0000000091900000, 0x0000000091900000, 0x0000000091a00000|  0%| F|  |TAMS 0x0000000091900000, 0x0000000091900000| Untracked 
| 282|0x0000000091a00000, 0x0000000091a00000, 0x0000000091b00000|  0%| F|  |TAMS 0x0000000091a00000, 0x0000000091a00000| Untracked 
| 283|0x0000000091b00000, 0x0000000091b00000, 0x0000000091c00000|  0%| F|  |TAMS 0x0000000091b00000, 0x0000000091b00000| Untracked 
| 284|0x0000000091c00000, 0x0000000091c00000, 0x0000000091d00000|  0%| F|  |TAMS 0x0000000091c00000, 0x0000000091c00000| Untracked 
| 285|0x0000000091d00000, 0x0000000091d00000, 0x0000000091e00000|  0%| F|  |TAMS 0x0000000091d00000, 0x0000000091d00000| Untracked 
| 286|0x0000000091e00000, 0x0000000091e00000, 0x0000000091f00000|  0%| F|  |TAMS 0x0000000091e00000, 0x0000000091e00000| Untracked 
| 287|0x0000000091f00000, 0x0000000091f00000, 0x0000000092000000|  0%| F|  |TAMS 0x0000000091f00000, 0x0000000091f00000| Untracked 
| 288|0x0000000092000000, 0x0000000092000000, 0x0000000092100000|  0%| F|  |TAMS 0x0000000092000000, 0x0000000092000000| Untracked 
| 289|0x0000000092100000, 0x0000000092100000, 0x0000000092200000|  0%| F|  |TAMS 0x0000000092100000, 0x0000000092100000| Untracked 
| 290|0x0000000092200000, 0x0000000092200000, 0x0000000092300000|  0%| F|  |TAMS 0x0000000092200000, 0x0000000092200000| Untracked 
| 291|0x0000000092300000, 0x0000000092300000, 0x0000000092400000|  0%| F|  |TAMS 0x0000000092300000, 0x0000000092300000| Untracked 
| 292|0x0000000092400000, 0x0000000092400000, 0x0000000092500000|  0%| F|  |TAMS 0x0000000092400000, 0x0000000092400000| Untracked 
| 293|0x0000000092500000, 0x0000000092500000, 0x0000000092600000|  0%| F|  |TAMS 0x0000000092500000, 0x0000000092500000| Untracked 
| 294|0x0000000092600000, 0x0000000092600000, 0x0000000092700000|  0%| F|  |TAMS 0x0000000092600000, 0x0000000092600000| Untracked 
| 295|0x0000000092700000, 0x0000000092700000, 0x0000000092800000|  0%| F|  |TAMS 0x0000000092700000, 0x0000000092700000| Untracked 
| 296|0x0000000092800000, 0x0000000092800000, 0x0000000092900000|  0%| F|  |TAMS 0x0000000092800000, 0x0000000092800000| Untracked 
| 297|0x0000000092900000, 0x0000000092900000, 0x0000000092a00000|  0%| F|  |TAMS 0x0000000092900000, 0x0000000092900000| Untracked 
| 298|0x0000000092a00000, 0x0000000092a00000, 0x0000000092b00000|  0%| F|  |TAMS 0x0000000092a00000, 0x0000000092a00000| Untracked 
| 299|0x0000000092b00000, 0x0000000092b00000, 0x0000000092c00000|  0%| F|  |TAMS 0x0000000092b00000, 0x0000000092b00000| Untracked 
| 300|0x0000000092c00000, 0x0000000092c00000, 0x0000000092d00000|  0%| F|  |TAMS 0x0000000092c00000, 0x0000000092c00000| Untracked 
| 301|0x0000000092d00000, 0x0000000092d00000, 0x0000000092e00000|  0%| F|  |TAMS 0x0000000092d00000, 0x0000000092d00000| Untracked 
| 302|0x0000000092e00000, 0x0000000092e00000, 0x0000000092f00000|  0%| F|  |TAMS 0x0000000092e00000, 0x0000000092e00000| Untracked 
| 303|0x0000000092f00000, 0x0000000092f00000, 0x0000000093000000|  0%| F|  |TAMS 0x0000000092f00000, 0x0000000092f00000| Untracked 
| 304|0x0000000093000000, 0x0000000093000000, 0x0000000093100000|  0%| F|  |TAMS 0x0000000093000000, 0x0000000093000000| Untracked 
| 305|0x0000000093100000, 0x0000000093100000, 0x0000000093200000|  0%| F|  |TAMS 0x0000000093100000, 0x0000000093100000| Untracked 
| 306|0x0000000093200000, 0x0000000093200000, 0x0000000093300000|  0%| F|  |TAMS 0x0000000093200000, 0x0000000093200000| Untracked 
| 307|0x0000000093300000, 0x0000000093300000, 0x0000000093400000|  0%| F|  |TAMS 0x0000000093300000, 0x0000000093300000| Untracked 
| 308|0x0000000093400000, 0x0000000093400000, 0x0000000093500000|  0%| F|  |TAMS 0x0000000093400000, 0x0000000093400000| Untracked 
| 309|0x0000000093500000, 0x0000000093500000, 0x0000000093600000|  0%| F|  |TAMS 0x0000000093500000, 0x0000000093500000| Untracked 
| 310|0x0000000093600000, 0x0000000093600000, 0x0000000093700000|  0%| F|  |TAMS 0x0000000093600000, 0x0000000093600000| Untracked 
| 311|0x0000000093700000, 0x0000000093700000, 0x0000000093800000|  0%| F|  |TAMS 0x0000000093700000, 0x0000000093700000| Untracked 
| 312|0x0000000093800000, 0x0000000093800000, 0x0000000093900000|  0%| F|  |TAMS 0x0000000093800000, 0x0000000093800000| Untracked 
| 313|0x0000000093900000, 0x0000000093900000, 0x0000000093a00000|  0%| F|  |TAMS 0x0000000093900000, 0x0000000093900000| Untracked 
| 314|0x0000000093a00000, 0x0000000093a00000, 0x0000000093b00000|  0%| F|  |TAMS 0x0000000093a00000, 0x0000000093a00000| Untracked 
| 315|0x0000000093b00000, 0x0000000093b00000, 0x0000000093c00000|  0%| F|  |TAMS 0x0000000093b00000, 0x0000000093b00000| Untracked 
| 316|0x0000000093c00000, 0x0000000093c00000, 0x0000000093d00000|  0%| F|  |TAMS 0x0000000093c00000, 0x0000000093c00000| Untracked 
| 317|0x0000000093d00000, 0x0000000093d00000, 0x0000000093e00000|  0%| F|  |TAMS 0x0000000093d00000, 0x0000000093d00000| Untracked 
| 318|0x0000000093e00000, 0x0000000093e00000, 0x0000000093f00000|  0%| F|  |TAMS 0x0000000093e00000, 0x0000000093e00000| Untracked 
| 319|0x0000000093f00000, 0x0000000093f00000, 0x0000000094000000|  0%| F|  |TAMS 0x0000000093f00000, 0x0000000093f00000| Untracked 
| 320|0x0000000094000000, 0x0000000094000000, 0x0000000094100000|  0%| F|  |TAMS 0x0000000094000000, 0x0000000094000000| Untracked 
| 321|0x0000000094100000, 0x0000000094100000, 0x0000000094200000|  0%| F|  |TAMS 0x0000000094100000, 0x0000000094100000| Untracked 
| 322|0x0000000094200000, 0x0000000094200000, 0x0000000094300000|  0%| F|  |TAMS 0x0000000094200000, 0x0000000094200000| Untracked 
| 323|0x0000000094300000, 0x0000000094300000, 0x0000000094400000|  0%| F|  |TAMS 0x0000000094300000, 0x0000000094300000| Untracked 
| 324|0x0000000094400000, 0x0000000094400000, 0x0000000094500000|  0%| F|  |TAMS 0x0000000094400000, 0x0000000094400000| Untracked 
| 325|0x0000000094500000, 0x0000000094500000, 0x0000000094600000|  0%| F|  |TAMS 0x0000000094500000, 0x0000000094500000| Untracked 
| 326|0x0000000094600000, 0x0000000094600000, 0x0000000094700000|  0%| F|  |TAMS 0x0000000094600000, 0x0000000094600000| Untracked 
| 327|0x0000000094700000, 0x0000000094700000, 0x0000000094800000|  0%| F|  |TAMS 0x0000000094700000, 0x0000000094700000| Untracked 
| 328|0x0000000094800000, 0x0000000094800000, 0x0000000094900000|  0%| F|  |TAMS 0x0000000094800000, 0x0000000094800000| Untracked 
| 329|0x0000000094900000, 0x0000000094900000, 0x0000000094a00000|  0%| F|  |TAMS 0x0000000094900000, 0x0000000094900000| Untracked 
| 330|0x0000000094a00000, 0x0000000094a00000, 0x0000000094b00000|  0%| F|  |TAMS 0x0000000094a00000, 0x0000000094a00000| Untracked 
| 331|0x0000000094b00000, 0x0000000094b00000, 0x0000000094c00000|  0%| F|  |TAMS 0x0000000094b00000, 0x0000000094b00000| Untracked 
| 332|0x0000000094c00000, 0x0000000094c00000, 0x0000000094d00000|  0%| F|  |TAMS 0x0000000094c00000, 0x0000000094c00000| Untracked 
| 333|0x0000000094d00000, 0x0000000094d00000, 0x0000000094e00000|  0%| F|  |TAMS 0x0000000094d00000, 0x0000000094d00000| Untracked 
| 334|0x0000000094e00000, 0x0000000094e00000, 0x0000000094f00000|  0%| F|  |TAMS 0x0000000094e00000, 0x0000000094e00000| Untracked 
| 335|0x0000000094f00000, 0x0000000094fdcc18, 0x0000000095000000| 86%| S|CS|TAMS 0x0000000094f00000, 0x0000000094f00000| Complete 
| 336|0x0000000095000000, 0x0000000095100000, 0x0000000095100000|100%| S|CS|TAMS 0x0000000095000000, 0x0000000095000000| Complete 
| 337|0x0000000095100000, 0x0000000095200000, 0x0000000095200000|100%| S|CS|TAMS 0x0000000095100000, 0x0000000095100000| Complete 
| 338|0x0000000095200000, 0x0000000095200000, 0x0000000095300000|  0%| F|  |TAMS 0x0000000095200000, 0x0000000095200000| Untracked 
| 339|0x0000000095300000, 0x0000000095300000, 0x0000000095400000|  0%| F|  |TAMS 0x0000000095300000, 0x0000000095300000| Untracked 
| 340|0x0000000095400000, 0x0000000095400000, 0x0000000095500000|  0%| F|  |TAMS 0x0000000095400000, 0x0000000095400000| Untracked 
| 341|0x0000000095500000, 0x0000000095500000, 0x0000000095600000|  0%| F|  |TAMS 0x0000000095500000, 0x0000000095500000| Untracked 
| 342|0x0000000095600000, 0x0000000095600000, 0x0000000095700000|  0%| F|  |TAMS 0x0000000095600000, 0x0000000095600000| Untracked 
| 343|0x0000000095700000, 0x0000000095700000, 0x0000000095800000|  0%| F|  |TAMS 0x0000000095700000, 0x0000000095700000| Untracked 
| 344|0x0000000095800000, 0x0000000095800000, 0x0000000095900000|  0%| F|  |TAMS 0x0000000095800000, 0x0000000095800000| Untracked 
| 345|0x0000000095900000, 0x0000000095900000, 0x0000000095a00000|  0%| F|  |TAMS 0x0000000095900000, 0x0000000095900000| Untracked 
| 346|0x0000000095a00000, 0x0000000095a00000, 0x0000000095b00000|  0%| F|  |TAMS 0x0000000095a00000, 0x0000000095a00000| Untracked 
| 347|0x0000000095b00000, 0x0000000095b00000, 0x0000000095c00000|  0%| F|  |TAMS 0x0000000095b00000, 0x0000000095b00000| Untracked 
| 348|0x0000000095c00000, 0x0000000095c00000, 0x0000000095d00000|  0%| F|  |TAMS 0x0000000095c00000, 0x0000000095c00000| Untracked 
| 349|0x0000000095d00000, 0x0000000095d00000, 0x0000000095e00000|  0%| F|  |TAMS 0x0000000095d00000, 0x0000000095d00000| Untracked 
| 350|0x0000000095e00000, 0x0000000095e00000, 0x0000000095f00000|  0%| F|  |TAMS 0x0000000095e00000, 0x0000000095e00000| Untracked 

Card table byte_map: [0x000000932d2a0000,0x000000932d6a0000] _byte_map_base: 0x000000932cea0000

Marking Bits (Prev, Next): (CMBitMap*) 0x000000931a4254d0, (CMBitMap*) 0x000000931a425498
 Prev Bits: [0x000000932faa0000, 0x0000009331aa0000)
 Next Bits: [0x000000932daa0000, 0x000000932faa0000)

Polling page: 0x0000009319b90000

Metaspace:

Usage:
  Non-class:     87.03 MB capacity,    85.45 MB ( 98%) used,     1.28 MB (  1%) free+waste,   298.38 KB ( <1%) overhead. 
      Class:     13.62 MB capacity,    12.76 MB ( 94%) used,   757.52 KB (  5%) free+waste,   132.06 KB ( <1%) overhead. 
       Both:    100.65 MB capacity,    98.21 MB ( 98%) used,     2.02 MB (  2%) free+waste,   430.44 KB ( <1%) overhead. 

Virtual space:
  Non-class space:       88.00 MB reserved,      87.14 MB (>99%) committed 
      Class space:        1.00 GB reserved,      13.65 MB (  1%) committed 
             Both:        1.09 GB reserved,     100.79 MB (  9%) committed 

Chunk freelists:
   Non-Class:  52.00 KB
       Class:  0 bytes
        Both:  52.00 KB

MaxMetaspaceSize: 17179869184.00 GB
CompressedClassSpaceSize: 1.00 GB

CodeHeap 'non-profiled nmethods': size=120064Kb used=8820Kb max_used=8820Kb free=111243Kb
 bounds [0x0000009325960000, 0x0000009326200000, 0x000000932cea0000]
CodeHeap 'profiled nmethods': size=120000Kb used=28111Kb max_used=28111Kb free=91889Kb
 bounds [0x000000931e430000, 0x000000931ffb0000, 0x0000009325960000]
CodeHeap 'non-nmethods': size=5696Kb used=2308Kb max_used=2359Kb free=3387Kb
 bounds [0x000000931dea0000, 0x000000931e110000, 0x000000931e430000]
 total_blobs=14037 nmethods=13121 adapters=828
 compilation: enabled
              stopped_count=0, restarted_count=0
 full_count=0

Compilation events (20 events):
Event: 228.850 Thread 0x00000093342ed800 13310 %     3       com.android.tools.r8.internal.Vt::containsKey @ 49 (80 bytes)
Event: 228.852 Thread 0x00000093342ed800 nmethod 13310% 0x000000931ff9c790 code [0x000000931ff9c9a0, 0x000000931ff9d088]
Event: 228.856 Thread 0x00000093342ed800 13311 %     3       com.android.tools.r8.internal.Nz::a @ 72 (263 bytes)
Event: 228.858 Thread 0x00000093342ed800 nmethod 13311% 0x000000931ff9d310 code [0x000000931ff9d580, 0x000000931ff9df68]
Event: 228.858 Thread 0x00000093342ed800 13312       3       com.android.tools.r8.internal.Nz::a (263 bytes)
Event: 228.860 Thread 0x00000093342ed800 nmethod 13312 0x000000931ff9e410 code [0x000000931ff9e680, 0x000000931ff9ef68]
Event: 228.865 Thread 0x00000093342ed800 13313       3       com.android.tools.r8.internal.Vt::containsKey (80 bytes)
Event: 228.866 Thread 0x00000093342ed800 nmethod 13313 0x000000931ff9f310 code [0x000000931ff9f520, 0x000000931ff9fb48]
Event: 228.884 Thread 0x00000093342ed800 13315 %     3       com.android.tools.r8.internal.Vt::a @ 75 (269 bytes)
Event: 228.886 Thread 0x00000093342ed800 nmethod 13315% 0x000000931ff9fd10 code [0x000000931ff9ffc0, 0x000000931ffa0c88]
Event: 228.909 Thread 0x00000093342ed800 13316       3       com.android.tools.r8.internal.Vt::a (269 bytes)
Event: 228.911 Thread 0x00000093342ed800 nmethod 13316 0x000000931ffa1190 code [0x000000931ffa1420, 0x000000931ffa1f88]
Event: 228.949 Thread 0x00000093342ed800 13318       2       com.android.tools.r8.internal.GE$$Lambda$1257/0x0000000100d9dc40::a (13 bytes)
Event: 228.949 Thread 0x00000093342ed800 nmethod 13318 0x000000931ffa2410 code [0x000000931ffa25e0, 0x000000931ffa27a8]
Event: 228.955 Thread 0x00000093342ed800 13319       2       com.android.tools.r8.graph.f0$r::equals (12 bytes)
Event: 228.955 Thread 0x00000093342ed800 nmethod 13319 0x000000931ffa2890 code [0x000000931ffa2a40, 0x000000931ffa2b98]
Event: 228.966 Thread 0x00000093342ed800 13321 %     3       com.android.tools.r8.internal.Nz::containsKey @ 46 (74 bytes)
Event: 228.967 Thread 0x00000093342ed800 nmethod 13321% 0x000000931ffa2c10 code [0x000000931ffa2e00, 0x000000931ffa32a8]
Event: 228.967 Thread 0x00000093342ed800 13322       3       com.android.tools.r8.internal.Nz::containsKey (74 bytes)
Event: 228.968 Thread 0x00000093342ed800 nmethod 13322 0x000000931ffa3490 code [0x000000931ffa3680, 0x000000931ffa3a88]

GC Heap History (20 events):
Event: 217.313 GC heap after
{Heap after GC invocations=46 (full 0):
 garbage-first heap   total 172032K, used 134635K [0x0000000080000000, 0x0000000100000000)
  region size 1024K, 2 young (2048K), 2 survivors (2048K)
 Metaspace       used 97209K, capacity 99426K, committed 99624K, reserved 1136640K
  class space    used 12598K, capacity 13393K, committed 13464K, reserved 1048576K
}
Event: 217.554 GC heap before
{Heap before GC invocations=46 (full 0):
 garbage-first heap   total 172032K, used 141803K [0x0000000080000000, 0x0000000100000000)
  region size 1024K, 10 young (10240K), 2 survivors (2048K)
 Metaspace       used 97219K, capacity 99426K, committed 99624K, reserved 1136640K
  class space    used 12598K, capacity 13393K, committed 13464K, reserved 1048576K
}
Event: 217.578 GC heap after
{Heap after GC invocations=47 (full 0):
 garbage-first heap   total 172032K, used 139264K [0x0000000080000000, 0x0000000100000000)
  region size 1024K, 2 young (2048K), 2 survivors (2048K)
 Metaspace       used 97219K, capacity 99426K, committed 99624K, reserved 1136640K
  class space    used 12598K, capacity 13393K, committed 13464K, reserved 1048576K
}
Event: 217.897 GC heap before
{Heap before GC invocations=47 (full 0):
 garbage-first heap   total 172032K, used 145408K [0x0000000080000000, 0x0000000100000000)
  region size 1024K, 8 young (8192K), 2 survivors (2048K)
 Metaspace       used 97221K, capacity 99426K, committed 99624K, reserved 1136640K
  class space    used 12598K, capacity 13393K, committed 13464K, reserved 1048576K
}
Event: 217.921 GC heap after
{Heap after GC invocations=48 (full 0):
 garbage-first heap   total 206848K, used 142542K [0x0000000080000000, 0x0000000100000000)
  region size 1024K, 1 young (1024K), 1 survivors (1024K)
 Metaspace       used 97221K, capacity 99426K, committed 99624K, reserved 1136640K
  class space    used 12598K, capacity 13393K, committed 13464K, reserved 1048576K
}
Event: 218.801 GC heap before
{Heap before GC invocations=48 (full 0):
 garbage-first heap   total 206848K, used 157902K [0x0000000080000000, 0x0000000100000000)
  region size 1024K, 16 young (16384K), 1 survivors (1024K)
 Metaspace       used 97225K, capacity 99411K, committed 99624K, reserved 1136640K
  class space    used 12594K, capacity 13386K, committed 13464K, reserved 1048576K
}
Event: 218.838 GC heap after
{Heap after GC invocations=49 (full 0):
 garbage-first heap   total 206848K, used 150528K [0x0000000080000000, 0x0000000100000000)
  region size 1024K, 2 young (2048K), 2 survivors (2048K)
 Metaspace       used 97225K, capacity 99411K, committed 99624K, reserved 1136640K
  class space    used 12594K, capacity 13386K, committed 13464K, reserved 1048576K
}
Event: 219.146 GC heap before
{Heap before GC invocations=50 (full 0):
 garbage-first heap   total 206848K, used 162816K [0x0000000080000000, 0x0000000100000000)
  region size 1024K, 15 young (15360K), 2 survivors (2048K)
 Metaspace       used 97227K, capacity 99411K, committed 99624K, reserved 1136640K
  class space    used 12594K, capacity 13386K, committed 13464K, reserved 1048576K
}
Event: 219.207 GC heap after
{Heap after GC invocations=51 (full 0):
 garbage-first heap   total 206848K, used 158289K [0x0000000080000000, 0x0000000100000000)
  region size 1024K, 2 young (2048K), 2 survivors (2048K)
 Metaspace       used 97227K, capacity 99411K, committed 99624K, reserved 1136640K
  class space    used 12594K, capacity 13386K, committed 13464K, reserved 1048576K
}
Event: 219.430 GC heap before
{Heap before GC invocations=51 (full 0):
 garbage-first heap   total 206848K, used 168529K [0x0000000080000000, 0x0000000100000000)
  region size 1024K, 13 young (13312K), 2 survivors (2048K)
 Metaspace       used 97228K, capacity 99411K, committed 99624K, reserved 1136640K
  class space    used 12594K, capacity 13386K, committed 13464K, reserved 1048576K
}
Event: 219.459 GC heap after
{Heap after GC invocations=52 (full 0):
 garbage-first heap   total 206848K, used 164169K [0x0000000080000000, 0x0000000100000000)
  region size 1024K, 2 young (2048K), 2 survivors (2048K)
 Metaspace       used 97228K, capacity 99411K, committed 99624K, reserved 1136640K
  class space    used 12594K, capacity 13386K, committed 13464K, reserved 1048576K
}
Event: 220.241 GC heap before
{Heap before GC invocations=52 (full 0):
 garbage-first heap   total 206848K, used 172361K [0x0000000080000000, 0x0000000100000000)
  region size 1024K, 10 young (10240K), 2 survivors (2048K)
 Metaspace       used 98016K, capacity 100260K, committed 100520K, reserved 1136640K
  class space    used 12714K, capacity 13540K, committed 13592K, reserved 1048576K
}
Event: 220.277 GC heap after
{Heap after GC invocations=53 (full 0):
 garbage-first heap   total 359424K, used 166912K [0x0000000080000000, 0x0000000100000000)
  region size 1024K, 2 young (2048K), 2 survivors (2048K)
 Metaspace       used 98016K, capacity 100260K, committed 100520K, reserved 1136640K
  class space    used 12714K, capacity 13540K, committed 13592K, reserved 1048576K
}
Event: 222.265 GC heap before
{Heap before GC invocations=54 (full 0):
 garbage-first heap   total 359424K, used 202752K [0x0000000080000000, 0x0000000100000000)
  region size 1024K, 37 young (37888K), 2 survivors (2048K)
 Metaspace       used 99694K, capacity 102096K, committed 102440K, reserved 1138688K
  class space    used 12969K, capacity 13848K, committed 13976K, reserved 1048576K
}
Event: 222.308 GC heap after
{Heap after GC invocations=55 (full 0):
 garbage-first heap   total 359424K, used 171492K [0x0000000080000000, 0x0000000100000000)
  region size 1024K, 5 young (5120K), 5 survivors (5120K)
 Metaspace       used 99694K, capacity 102096K, committed 102440K, reserved 1138688K
  class space    used 12969K, capacity 13848K, committed 13976K, reserved 1048576K
}
Event: 223.713 GC heap before
{Heap before GC invocations=55 (full 0):
 garbage-first heap   total 359424K, used 205284K [0x0000000080000000, 0x0000000100000000)
  region size 1024K, 39 young (39936K), 5 survivors (5120K)
 Metaspace       used 100075K, capacity 102538K, committed 102696K, reserved 1138688K
  class space    used 13005K, capacity 13903K, committed 13976K, reserved 1048576K
}
Event: 223.774 GC heap after
{Heap after GC invocations=56 (full 0):
 garbage-first heap   total 359424K, used 175142K [0x0000000080000000, 0x0000000100000000)
  region size 1024K, 4 young (4096K), 4 survivors (4096K)
 Metaspace       used 100075K, capacity 102538K, committed 102696K, reserved 1138688K
  class space    used 13005K, capacity 13903K, committed 13976K, reserved 1048576K
}
Event: 227.933 GC heap before
{Heap before GC invocations=57 (full 0):
 garbage-first heap   total 359424K, used 215078K [0x0000000080000000, 0x0000000100000000)
  region size 1024K, 42 young (43008K), 4 survivors (4096K)
 Metaspace       used 100398K, capacity 102886K, committed 102952K, reserved 1138688K
  class space    used 13043K, capacity 13933K, committed 13976K, reserved 1048576K
}
Event: 227.988 GC heap after
{Heap after GC invocations=58 (full 0):
 garbage-first heap   total 359424K, used 179062K [0x0000000080000000, 0x0000000100000000)
  region size 1024K, 4 young (4096K), 4 survivors (4096K)
 Metaspace       used 100398K, capacity 102886K, committed 102952K, reserved 1138688K
  class space    used 13043K, capacity 13933K, committed 13976K, reserved 1048576K
}
Event: 229.026 GC heap before
{Heap before GC invocations=58 (full 0):
 garbage-first heap   total 359424K, used 192374K [0x0000000080000000, 0x0000000100000000)
  region size 1024K, 17 young (17408K), 4 survivors (4096K)
 Metaspace       used 100565K, capacity 103067K, committed 103208K, reserved 1138688K
  class space    used 13061K, capacity 13951K, committed 13976K, reserved 1048576K
}

Deoptimization events (20 events):
Event: 228.702 Thread 0x00000093399ff800 Uncommon trap: trap_request=0xffffff4d fr.pc=0x00000093261f0f74 relative=0x0000000000000414
Event: 228.702 Thread 0x00000093399ff800 Uncommon trap: reason=unstable_if action=reinterpret pc=0x00000093261f0f74 method=com.android.tools.r8.internal.Nz.a(Ljava/lang/Object;I)I @ 224 c2
Event: 228.702 Thread 0x00000093399ff800 DEOPT PACKING pc=0x00000093261f0f74 sp=0x0000009344a1e7e0
Event: 228.702 Thread 0x00000093399ff800 DEOPT UNPACKING pc=0x000000931dec73af sp=0x0000009344a1e7b0 mode 2
Event: 228.703 Thread 0x00000093399ff800 Uncommon trap: trap_request=0xffffffbe fr.pc=0x00000093261d5ea4 relative=0x0000000000000b24
Event: 228.703 Thread 0x00000093399ff800 Uncommon trap: reason=profile_predicate action=maybe_recompile pc=0x00000093261d5ea4 method=com.android.tools.r8.internal.i8.a(Ljava/util/Iterator;Ljava/util/Iterator;Lcom/android/tools/r8/internal/EE$a;)I @ 5 c2
Event: 228.703 Thread 0x00000093399ff800 DEOPT PACKING pc=0x00000093261d5ea4 sp=0x0000009344a1e280
Event: 228.704 Thread 0x00000093399ff800 DEOPT UNPACKING pc=0x000000931dec73af sp=0x0000009344a1e268 mode 2
Event: 228.704 Thread 0x00000093399ff800 Uncommon trap: trap_request=0xffffffbe fr.pc=0x00000093261d5ea4 relative=0x0000000000000b24
Event: 228.704 Thread 0x00000093399ff800 Uncommon trap: reason=profile_predicate action=maybe_recompile pc=0x00000093261d5ea4 method=com.android.tools.r8.internal.i8.a(Ljava/util/Iterator;Ljava/util/Iterator;Lcom/android/tools/r8/internal/EE$a;)I @ 5 c2
Event: 228.704 Thread 0x00000093399ff800 DEOPT PACKING pc=0x00000093261d5ea4 sp=0x0000009344a1e280
Event: 228.704 Thread 0x00000093399ff800 DEOPT UNPACKING pc=0x000000931dec73af sp=0x0000009344a1e268 mode 2
Event: 228.704 Thread 0x00000093399ff800 Uncommon trap: trap_request=0xffffffbe fr.pc=0x00000093261d5ea4 relative=0x0000000000000b24
Event: 228.705 Thread 0x00000093399ff800 Uncommon trap: reason=profile_predicate action=maybe_recompile pc=0x00000093261d5ea4 method=com.android.tools.r8.internal.i8.a(Ljava/util/Iterator;Ljava/util/Iterator;Lcom/android/tools/r8/internal/EE$a;)I @ 5 c2
Event: 228.705 Thread 0x00000093399ff800 DEOPT PACKING pc=0x00000093261d5ea4 sp=0x0000009344a1e280
Event: 228.705 Thread 0x00000093399ff800 DEOPT UNPACKING pc=0x000000931dec73af sp=0x0000009344a1e268 mode 2
Event: 228.860 Thread 0x00000093399ff800 DEOPT PACKING pc=0x000000931ff932a7 sp=0x0000009344a1e810
Event: 228.860 Thread 0x00000093399ff800 DEOPT UNPACKING pc=0x000000931dec71ce sp=0x0000009344a1dd08 mode 0
Event: 228.971 Thread 0x00000093399ff800 DEOPT PACKING pc=0x000000931ff96be3 sp=0x0000009344a1e870
Event: 228.971 Thread 0x00000093399ff800 DEOPT UNPACKING pc=0x000000931dec71ce sp=0x0000009344a1dd10 mode 0

Classes redefined (0 events):
No events

Internal exceptions (20 events):
Event: 215.358 Thread 0x00000093399fd800 Exception <a 'java/lang/NoSuchMethodError'{0x0000000088b10bc8}: 'java.lang.Object java.lang.invoke.DirectMethodHandle$Holder.newInvokeSpecial(java.lang.Object, int)'> (0x0000000088b10bc8) thrown at [./src/hotspot/share/interpreter/linkResolver.cpp, line 773]
Event: 215.885 Thread 0x00000093399ff800 Exception <a 'java/lang/IncompatibleClassChangeError'{0x0000000088603dd8}: Found class java.lang.Object, but interface was expected> (0x0000000088603dd8) thrown at [./src/hotspot/share/interpreter/linkResolver.cpp, line 839]
Event: 215.904 Thread 0x00000093399ff800 Exception <a 'java/lang/IncompatibleClassChangeError'{0x0000000088626480}: Found class java.lang.Object, but interface was expected> (0x0000000088626480) thrown at [./src/hotspot/share/interpreter/linkResolver.cpp, line 839]
Event: 215.907 Thread 0x00000093399ff800 Exception <a 'java/lang/IncompatibleClassChangeError'{0x000000008862e510}: Found class java.lang.Object, but interface was expected> (0x000000008862e510) thrown at [./src/hotspot/share/interpreter/linkResolver.cpp, line 839]
Event: 219.774 Thread 0x00000093399fc800 Exception <a 'java/lang/NoSuchMethodError'{0x000000008c46f420}: 'int java.lang.invoke.DirectMethodHandle$Holder.invokeVirtual(java.lang.Object, java.lang.Object, java.lang.Object, java.lang.Object)'> (0x000000008c46f420) thrown at [./src/hotspot/share/interpreter/linkResolver.cpp, line 773]
Event: 220.080 Thread 0x00000093399fc800 Exception <a 'java/lang/NoSuchMethodError'{0x000000008c21c788}: 'void java.lang.invoke.DirectMethodHandle$Holder.invokeStatic(java.lang.Object, java.lang.Object, java.lang.Object, int)'> (0x000000008c21c788) thrown at [./src/hotspot/share/interpreter/linkResolver.cpp, line 773]
Event: 220.084 Thread 0x00000093399fc800 Exception <a 'java/lang/IncompatibleClassChangeError'{0x000000008c224d40}: Found class java.lang.Object, but interface was expected> (0x000000008c224d40) thrown at [./src/hotspot/share/interpreter/linkResolver.cpp, line 839]
Event: 220.114 Thread 0x00000093399fe000 Exception <a 'java/lang/NoSuchMethodError'{0x000000008c2a0ac8}: 'int java.lang.invoke.DirectMethodHandle$Holder.invokeVirtual(java.lang.Object, java.lang.Object, java.lang.Object)'> (0x000000008c2a0ac8) thrown at [./src/hotspot/share/interpreter/linkResolver.cpp, line 773]
Event: 221.528 Thread 0x00000093399fc800 Exception <a 'java/lang/NoSuchMethodError'{0x0000000094c8ce58}: 'java.lang.Object java.lang.invoke.Invokers$Holder.linkToTargetMethod(java.lang.Object, int, java.lang.Object, java.lang.Object, java.lang.Object, java.lang.Object)'> (0x0000000094c8ce58) thrown at [./src/hotspot/share/interpreter/linkResolver.cpp, line 773]
Event: 221.529 Thread 0x00000093399fc800 Exception <a 'java/lang/NoSuchMethodError'{0x0000000094c90b10}: 'void java.lang.invoke.DirectMethodHandle$Holder.invokeSpecial(java.lang.Object, java.lang.Object, java.lang.Object, java.lang.Object, java.lang.Object, java.lang.Object, java.lang.Object, java.lang.Object, java.lang.Object)'> (0x0000000094c90b10) thrown at [./src/hotspot/share/interpreter/linkResolver.cpp, line 773]
Event: 221.531 Thread 0x00000093399fc800 Exception <a 'java/lang/NoSuchMethodError'{0x0000000094c99d08}: 'java.lang.Object java.lang.invoke.Invokers$Holder.linkToTargetMethod(java.lang.Object, java.lang.Object, java.lang.Object, java.lang.Object, java.lang.Object, java.lang.Object, java.lang.Object)'> (0x0000000094c99d08) thrown at [./src/hotspot/share/interpreter/linkResolver.cpp, line 773]
Event: 221.544 Thread 0x00000093399fc800 Exception <a 'java/lang/IncompatibleClassChangeError'{0x0000000094cc1bd0}: Found class java.lang.Object, but interface was expected> (0x0000000094cc1bd0) thrown at [./src/hotspot/share/interpreter/linkResolver.cpp, line 839]
Event: 221.689 Thread 0x00000093399fc800 Exception <a 'java/lang/NoSuchMethodError'{0x0000000094bf5518}: 'void java.lang.invoke.DirectMethodHandle$Holder.invokeStatic(java.lang.Object, java.lang.Object, java.lang.Object, java.lang.Object, java.lang.Object, java.lang.Object, java.lang.Object, java.lang.Object)'> (0x0000000094bf5518) thrown at [./src/hotspot/share/interpreter/linkResolver.cpp, line 773]
Event: 224.900 Thread 0x00000093399fa000 Exception <a 'java/lang/NoSuchMethodError'{0x00000000951813b8}: 'void java.lang.invoke.DirectMethodHandle$Holder.invokeStatic(java.lang.Object, long)'> (0x00000000951813b8) thrown at [./src/hotspot/share/interpreter/linkResolver.cpp, line 773]
Event: 224.901 Thread 0x00000093399fa000 Exception <a 'java/lang/NoSuchMethodError'{0x00000000951865d0}: 'java.lang.Object java.lang.invoke.DirectMethodHandle$Holder.invokeStatic(java.lang.Object, long)'> (0x00000000951865d0) thrown at [./src/hotspot/share/interpreter/linkResolver.cpp, line 773]
Event: 224.902 Thread 0x00000093399fa000 Exception <a 'java/lang/NoSuchMethodError'{0x000000009518c950}: 'java.lang.Object java.lang.invoke.Invokers$Holder.linkToTargetMethod(long, java.lang.Object)'> (0x000000009518c950) thrown at [./src/hotspot/share/interpreter/linkResolver.cpp, line 773]
Event: 224.905 Thread 0x00000093399fa000 Exception <a 'java/lang/NoSuchMethodError'{0x0000000095003548}: 'java.lang.Object java.lang.invoke.DirectMethodHandle$Holder.invokeStaticInit(java.lang.Object, java.lang.Object, long, java.lang.Object)'> (0x0000000095003548) thrown at [./src/hotspot/share/interpreter/linkResolver.cpp, line 773]
Event: 224.906 Thread 0x00000093399fa000 Exception <a 'java/lang/NoSuchMethodError'{0x00000000950096e0}: 'java.lang.Object java.lang.invoke.DirectMethodHandle$Holder.invokeStatic(java.lang.Object, java.lang.Object, long)'> (0x00000000950096e0) thrown at [./src/hotspot/share/interpreter/linkResolver.cpp, line 773]
Event: 224.907 Thread 0x00000093399fa000 Exception <a 'java/lang/NoSuchMethodError'{0x000000009500fc58}: 'java.lang.Object java.lang.invoke.Invokers$Holder.linkToTargetMethod(java.lang.Object, long, java.lang.Object)'> (0x000000009500fc58) thrown at [./src/hotspot/share/interpreter/linkResolver.cpp, line 773]
Event: 225.919 Thread 0x00000093399fc800 Exception <a 'java/lang/IncompatibleClassChangeError'{0x00000000946ed150}: Found class java.lang.Object, but interface was expected> (0x00000000946ed150) thrown at [./src/hotspot/share/interpreter/linkResolver.cpp, line 839]

Events (20 events):
Event: 228.825 loading class com/android/tools/r8/internal/GE done
Event: 228.825 loading class com/android/tools/r8/internal/GE
Event: 228.825 loading class com/android/tools/r8/internal/GE done
Event: 228.825 loading class com/android/tools/r8/internal/FE
Event: 228.825 loading class com/android/tools/r8/internal/FE done
Event: 228.826 loading class com/android/tools/r8/graph/G$j
Event: 228.826 loading class com/android/tools/r8/graph/G$j done
Event: 228.826 loading class com/android/tools/r8/graph/G$j
Event: 228.826 loading class com/android/tools/r8/graph/G$j done
Event: 228.827 loading class com/android/tools/r8/graph/G$j
Event: 228.827 loading class com/android/tools/r8/graph/G$j done
Event: 228.827 loading class com/android/tools/r8/graph/G$j
Event: 228.827 loading class com/android/tools/r8/graph/G$j done
Event: 228.828 loading class com/android/tools/r8/graph/G$j
Event: 228.828 loading class com/android/tools/r8/graph/G$j done
Event: 228.828 loading class com/android/tools/r8/graph/G$j
Event: 228.828 loading class com/android/tools/r8/graph/G$j done
Event: 228.829 loading class com/android/tools/r8/graph/G$j
Event: 228.829 loading class com/android/tools/r8/graph/G$j done
Event: 229.025 Executing VM operation: G1CollectForAllocation


Dynamic libraries:
0x00007ff754620000 - 0x00007ff75462a000 	C:\Program Files\Android\Android Studio\jre\bin\java.exe
0x00007ffc4d370000 - 0x00007ffc4d51d000 	C:\Windows\SYSTEM32\ntdll.dll
0x00007ffc4cf00000 - 0x00007ffc4d03f000 	C:\Windows\system32\KERNEL32.DLL
0x00007ffc4a880000 - 0x00007ffc4a995000 	C:\Windows\system32\KERNELBASE.dll
0x00007ffc3c5c0000 - 0x00007ffc3c5d9000 	C:\Program Files\Android\Android Studio\jre\bin\jli.dll
0x00007ffc38c20000 - 0x00007ffc38c37000 	C:\Program Files\Android\Android Studio\jre\bin\VCRUNTIME140.dll
0x00007ffc32ab0000 - 0x00007ffc32ab4000 	C:\Windows\SYSTEM32\api-ms-win-crt-stdio-l1-1-0.dll
0x00007ffc42400000 - 0x00007ffc42404000 	C:\Windows\SYSTEM32\api-ms-win-crt-runtime-l1-1-0.dll
0x00007ffc31de0000 - 0x00007ffc31de3000 	C:\Windows\SYSTEM32\api-ms-win-crt-environment-l1-1-0.dll
0x00007ffc32ae0000 - 0x00007ffc32ae5000 	C:\Windows\SYSTEM32\api-ms-win-crt-math-l1-1-0.dll
0x00007ffc32aa0000 - 0x00007ffc32aa3000 	C:\Windows\SYSTEM32\api-ms-win-crt-locale-l1-1-0.dll
0x00007ffc32af0000 - 0x00007ffc32af3000 	C:\Windows\SYSTEM32\api-ms-win-crt-heap-l1-1-0.dll
0x00007ffc480d0000 - 0x00007ffc4834b000 	C:\Windows\WinSxS\amd64_microsoft.windows.common-controls_6595b64144ccf1df_6.0.9600.19394_none_62486577ecb635cf\COMCTL32.dll
0x00007ffc4b2e0000 - 0x00007ffc4b457000 	C:\Windows\system32\USER32.dll
0x00007ffc32a80000 - 0x00007ffc32a83000 	C:\Windows\SYSTEM32\api-ms-win-crt-filesystem-l1-1-0.dll
0x00007ffc32ad0000 - 0x00007ffc32ad4000 	C:\Windows\SYSTEM32\api-ms-win-crt-string-l1-1-0.dll
0x00007ffc32ac0000 - 0x00007ffc32ac4000 	C:\Windows\SYSTEM32\api-ms-win-crt-convert-l1-1-0.dll
0x00007ffc4b620000 - 0x00007ffc4b6ca000 	C:\Windows\system32\msvcrt.dll
0x00007ffc4ac80000 - 0x00007ffc4adcc000 	C:\Windows\system32\GDI32.dll
0x00007ffc30d50000 - 0x00007ffc30e44000 	C:\Windows\SYSTEM32\ucrtbase.DLL
0x00007ffc4d250000 - 0x00007ffc4d286000 	C:\Windows\system32\IMM32.DLL
0x00007ffc4cce0000 - 0x00007ffc4ce31000 	C:\Windows\system32\MSCTF.dll
0x00007ffc1a6a0000 - 0x00007ffc1a73d000 	C:\Program Files\Android\Android Studio\jre\bin\msvcp140.dll
0x00007ffc31df0000 - 0x00007ffc31df5000 	C:\Windows\SYSTEM32\api-ms-win-crt-multibyte-l1-1-0.dll
0x00007ffc32a90000 - 0x00007ffc32a93000 	C:\Windows\SYSTEM32\api-ms-win-crt-time-l1-1-0.dll
0x00007ffc32a70000 - 0x00007ffc32a73000 	C:\Windows\SYSTEM32\api-ms-win-crt-utility-l1-1-0.dll
0x00007ffc0c9c0000 - 0x00007ffc0d48f000 	C:\Program Files\Android\Android Studio\jre\bin\server\jvm.dll
0x00007ffc4d290000 - 0x00007ffc4d33a000 	C:\Windows\system32\ADVAPI32.dll
0x00007ffc41530000 - 0x00007ffc41539000 	C:\Windows\SYSTEM32\WSOCK32.dll
0x00007ffc47f20000 - 0x00007ffc47f42000 	C:\Windows\SYSTEM32\WINMM.dll
0x00007ffc47f50000 - 0x00007ffc47f5a000 	C:\Windows\SYSTEM32\VERSION.dll
0x00007ffc4cc70000 - 0x00007ffc4cc77000 	C:\Windows\system32\PSAPI.DLL
0x00007ffc4ae30000 - 0x00007ffc4ae89000 	C:\Windows\SYSTEM32\sechost.dll
0x00007ffc4ab20000 - 0x00007ffc4ac60000 	C:\Windows\system32\RPCRT4.dll
0x00007ffc4b6e0000 - 0x00007ffc4b73a000 	C:\Windows\system32\WS2_32.dll
0x00007ffc47700000 - 0x00007ffc4772a000 	C:\Windows\SYSTEM32\WINMMBASE.dll
0x00007ffc4a9a0000 - 0x00007ffc4a9ce000 	C:\Windows\system32\SspiCli.dll
0x00007ffc4b6d0000 - 0x00007ffc4b6d9000 	C:\Windows\system32\NSI.dll
0x00007ffc4a720000 - 0x00007ffc4a76f000 	C:\Windows\SYSTEM32\cfgmgr32.dll
0x00007ffc49280000 - 0x00007ffc492a8000 	C:\Windows\SYSTEM32\DEVOBJ.dll
0x00007ffc381c0000 - 0x00007ffc381d1000 	C:\Program Files\Android\Android Studio\jre\bin\verify.dll
0x00007ffc3fd40000 - 0x00007ffc3fec9000 	C:\Windows\SYSTEM32\DBGHELP.DLL
0x00007ffc373d0000 - 0x00007ffc373f9000 	C:\Program Files\Android\Android Studio\jre\bin\java.dll
0x00007ffc41410000 - 0x00007ffc4141b000 	C:\Program Files\Android\Android Studio\jre\bin\jimage.dll
0x00007ffc37440000 - 0x00007ffc37458000 	C:\Program Files\Android\Android Studio\jre\bin\zip.dll
0x00007ffc4b740000 - 0x00007ffc4cc6b000 	C:\Windows\system32\SHELL32.dll
0x00007ffc4d040000 - 0x00007ffc4d250000 	C:\Windows\SYSTEM32\combase.dll
0x00007ffc4add0000 - 0x00007ffc4ae24000 	C:\Windows\system32\SHLWAPI.dll
0x00007ffc489b0000 - 0x00007ffc48a62000 	C:\Windows\SYSTEM32\SHCORE.dll
0x00007ffc4a470000 - 0x00007ffc4a485000 	C:\Windows\SYSTEM32\profapi.dll
0x00007ffc36990000 - 0x00007ffc369aa000 	C:\Program Files\Android\Android Studio\jre\bin\net.dll
0x00007ffc429c0000 - 0x00007ffc42a89000 	C:\Windows\SYSTEM32\WINHTTP.dll
0x00007ffc49d00000 - 0x00007ffc49d59000 	C:\Windows\system32\mswsock.dll
0x00007ffc36970000 - 0x00007ffc36984000 	C:\Program Files\Android\Android Studio\jre\bin\nio.dll
0x00007ffc3d170000 - 0x00007ffc3d197000 	C:\Users\\.gradle\native\8bec1ad78214c89d9ad589b4d07fe93259594b29d510b10fafb7a158f7737e5d\windows-amd64\native-platform.dll
0x00007ffc1a8b0000 - 0x00007ffc1a9ed000 	C:\Users\\.gradle\native\53dbd7edfb1c66fb8903c78663c9afc45aea4f116125fa6feffd364cf09443e8\windows-amd64\native-platform-file-events.dll
0x00007ffc3eba0000 - 0x00007ffc3ebaa000 	C:\Program Files\Android\Android Studio\jre\bin\management.dll
0x00007ffc3cf30000 - 0x00007ffc3cf3c000 	C:\Program Files\Android\Android Studio\jre\bin\management_ext.dll
0x00007ffc49d60000 - 0x00007ffc49d80000 	C:\Windows\SYSTEM32\CRYPTSP.dll
0x00007ffc49980000 - 0x00007ffc499b6000 	C:\Windows\system32\rsaenh.dll
0x00007ffc49fb0000 - 0x00007ffc49fd6000 	C:\Windows\SYSTEM32\bcrypt.dll
0x00007ffc49a90000 - 0x00007ffc49ab1000 	C:\Windows\SYSTEM32\USERENV.dll
0x00007ffc4a2d0000 - 0x00007ffc4a333000 	C:\Windows\system32\bcryptprimitives.dll
0x00007ffc4a340000 - 0x00007ffc4a34b000 	C:\Windows\SYSTEM32\CRYPTBASE.dll
0x00007ffc457d0000 - 0x00007ffc457fa000 	C:\Windows\SYSTEM32\IPHLPAPI.DLL
0x00007ffc457b0000 - 0x00007ffc457ba000 	C:\Windows\SYSTEM32\WINNSI.DLL
0x00007ffc45100000 - 0x00007ffc45116000 	C:\Windows\SYSTEM32\dhcpcsvc6.DLL
0x00007ffc454d0000 - 0x00007ffc454ea000 	C:\Windows\SYSTEM32\dhcpcsvc.DLL

dbghelp: loaded successfully - version: 4.0.5 - missing functions: none
symbol engine: initialized successfully - sym options: 0x614 - pdb path: .;C:\Program Files\Android\Android Studio\jre\bin;C:\Windows\SYSTEM32;C:\Windows\WinSxS\amd64_microsoft.windows.common-controls_6595b64144ccf1df_6.0.9600.19394_none_62486577ecb635cf;C:\Program Files\Android\Android Studio\jre\bin\server;C:\Users\\.gradle\native\8bec1ad78214c89d9ad589b4d07fe93259594b29d510b10fafb7a158f7737e5d\windows-amd64;C:\Users\\.gradle\native\53dbd7edfb1c66fb8903c78663c9afc45aea4f116125fa6feffd364cf09443e8\windows-amd64

VM Arguments:
jvm_args: --add-opens=java.base/java.util=ALL-UNNAMED --add-opens=java.base/java.lang=ALL-UNNAMED --add-opens=java.base/java.lang.invoke=ALL-UNNAMED --add-opens=java.base/java.util=ALL-UNNAMED --add-opens=java.prefs/java.util.prefs=ALL-UNNAMED --add-opens=java.prefs/java.util.prefs=ALL-UNNAMED --add-opens=java.base/java.nio.charset=ALL-UNNAMED --add-opens=java.base/java.net=ALL-UNNAMED --add-opens=java.base/java.util.concurrent.atomic=ALL-UNNAMED -Xmx2048m -Dfile.encoding=UTF-8 -Duser.country=RU -Duser.language=ru -Duser.variant 
java_command: org.gradle.launcher.daemon.bootstrap.GradleDaemon 7.0.2
java_class_path (initial): C:\Users\\.gradle\wrapper\dists\gradle-7.0.2-bin\857tjihv64xamwrf0h14cai3r\gradle-7.0.2\lib\gradle-launcher-7.0.2.jar
Launcher Type: SUN_STANDARD

[Global flags]
     intx CICompilerCount                          = 3                                         {product} {ergonomic}
     uint ConcGCThreads                            = 1                                         {product} {ergonomic}
     uint G1ConcRefinementThreads                  = 4                                         {product} {ergonomic}
   size_t G1HeapRegionSize                         = 1048576                                   {product} {ergonomic}
    uintx GCDrainStackTargetSize                   = 64                                        {product} {ergonomic}
   size_t InitialHeapSize                          = 121634816                                 {product} {ergonomic}
   size_t MarkStackSize                            = 4194304                                   {product} {ergonomic}
   size_t MaxHeapSize                              = 2147483648                                {product} {command line}
   size_t MaxNewSize                               = 1287651328                                {product} {ergonomic}
   size_t MinHeapDeltaBytes                        = 1048576                                   {product} {ergonomic}
    uintx NonNMethodCodeHeapSize                   = 5830732                                {pd product} {ergonomic}
    uintx NonProfiledCodeHeapSize                  = 122913754                              {pd product} {ergonomic}
    uintx ProfiledCodeHeapSize                     = 122913754                              {pd product} {ergonomic}
    uintx ReservedCodeCacheSize                    = 251658240                              {pd product} {ergonomic}
     bool SegmentedCodeCache                       = true                                      {product} {ergonomic}
     bool UseCompressedClassPointers               = true                                 {lp64_product} {ergonomic}
     bool UseCompressedOops                        = true                                 {lp64_product} {ergonomic}
     bool UseG1GC                                  = true                                      {product} {ergonomic}
     bool UseLargePagesIndividualAllocation        = false                                  {pd product} {ergonomic}

Logging:
Log output configuration:
 #0: stdout all=warning uptime,level,tags
 #1: stderr all=off uptime,level,tags

Environment Variables:
PATH=C:\Program Files\Common Files\Oracle\Java\javapath;C:\Program Files (x86)\Common Files\Intel\Shared Files\cpp\bin\Intel64;C:\Windows\system32;C:\Windows;C:\Windows\System32\Wbem;C:\Windows\System32\WindowsPowerShell\v1.0\;C:\Program Files (x86)\ATI Technologies\ATI.ACE\Core-Static;C:\Program Files\Git\cmd;C:\adb
USERNAME=
OS=Windows_NT
PROCESSOR_IDENTIFIER=AMD64 Family 21 Model 19 Stepping 1, AuthenticAMD



---------------  S Y S T E M  ---------------

OS: Windows 8.1 , 64 bit Build 9600 (6.3.9600.19358)
OS uptime: 0 days 7:25 hours

CPU:total 4 (initial active 4) (4 cores per cpu, 1 threads per core) family 21 model 19 stepping 1 microcode 0x6001119, cmov, cx8, fxsr, mmx, sse, sse2, sse3, ssse3, sse4.1, sse4.2, popcnt, avx, aes, clmul, mmxext, 3dnowpref, lzcnt, sse4a, tsc, tscinvbit, tscinv, bmi1, fma

Memory: 4k page, system-wide physical 7364M (900M free)
TotalPageFile size 9392M (AvailPageFile size 125M)
current process WorkingSet (physical memory assigned to process): 520M, peak: 520M
current process commit charge ("private bytes"): 668M, peak: 832M

vm_info: OpenJDK 64-Bit Server VM (11.0.10+0-b96-7249189) for windows-amd64 JRE (11.0.10+0-b96-7249189), built on Mar 31 2021 21:44:00 by "builder" with MS VC++ 14.0 (VS2015)

END.
